<?xml version="1.0" encoding="UTF-8"?><testsuite failures="62" name="cucumber.runtime.formatter.JUnitFormatter" skipped="239" tests="388" time="0.26033">
<testcase classname="CAPEC-100: Overflow Buffers" name="Step1.1" time="0">
<skipped><![CDATA[Given prepare to............................................................undefined
When Try to.................................................................undefined
Then Assert the success of..................................................undefined
Then assert the consequences of the pattern.................................undefined
Then assert the consequences of the pattern audit interceptor...............skipped
Then assert the consequences of the pattern secure logger...................skipped
]]></skipped>
</testcase>
<testcase classname="CAPEC-100: Overflow Buffers" name="Step2.1" time="0">
<skipped><![CDATA[Given prepare to............................................................undefined
When Try to.................................................................undefined
Then Assert the success of..................................................undefined
Then assert the consequences of the pattern.................................undefined
Then assert the consequences of the pattern audit interceptor...............skipped
Then assert the consequences of the pattern secure logger...................skipped
]]></skipped>
</testcase>
<testcase classname="CAPEC-100: Overflow Buffers" name="Step3.1" time="0">
<skipped><![CDATA[Given prepare to............................................................undefined
When Try to.................................................................undefined
Then Assert the success of..................................................undefined
Then assert the consequences of the pattern.................................undefined
Then assert the consequences of the pattern audit interceptor...............skipped
Then assert the consequences of the pattern secure logger...................skipped
]]></skipped>
</testcase>
<testcase classname="CAPEC-101: Server Side Include (SSI) Injection" name="Step1.1 Determine applicability" time="0.093637">
<skipped><![CDATA[Given prepare to Determine applicability....................................passed
When Try to Determine applicability.........................................passed
Then Assert the success of Determine applicability..........................passed
Then assert the consequences of the pattern.................................undefined
]]></skipped>
</testcase>
<testcase classname="CAPEC-101: Server Side Include (SSI) Injection" name="Step1.2 Attempt SSI" time="0.026411">
<failure message="net.continuumsecurity.proxy.ProxyException: org.zaproxy.clientapi.core.ClientApiException: java.net.ConnectException: Connection refused&#10;&#9;at net.continuumsecurity.proxy.ZAProxyScanner.validateMinimumRequiredZapVersion(ZAProxyScanner.java:96)&#10;&#9;at net.continuumsecurity.proxy.ZAProxyScanner.&lt;init&gt;(ZAProxyScanner.java:38)&#10;&#9;at steps.attemptssi.preattemptssi(attemptssi.java:17)&#10;&#9;at ✽.Given prepare to Attempt SSI(CAPEC_101_Step_1_2.feature:5)&#10;Caused by: org.zaproxy.clientapi.core.ClientApiException: java.net.ConnectException: Connection refused&#10;&#9;at org.zaproxy.clientapi.core.ClientApi.callApiDom(ClientApi.java:307)&#10;&#9;at org.zaproxy.clientapi.core.ClientApi.callApi(ClientApi.java:289)&#10;&#9;at org.zaproxy.clientapi.gen.Core.version(Core.java:158)&#10;&#9;at net.continuumsecurity.proxy.ZAProxyScanner.validateMinimumRequiredZapVersion(ZAProxyScanner.java:85)&#10;&#9;at net.continuumsecurity.proxy.ZAProxyScanner.&lt;init&gt;(ZAProxyScanner.java:38)&#10;&#9;at steps.attemptssi.preattemptssi(attemptssi.java:17)&#10;&#9;at sun.reflect.NativeMethodAccessorImpl.invoke0(Native Method)&#10;&#9;at sun.reflect.NativeMethodAccessorImpl.invoke(NativeMethodAccessorImpl.java:62)&#10;&#9;at sun.reflect.DelegatingMethodAccessorImpl.invoke(DelegatingMethodAccessorImpl.java:43)&#10;&#9;at java.lang.reflect.Method.invoke(Method.java:498)&#10;&#9;at cucumber.runtime.Utils$1.call(Utils.java:37)&#10;&#9;at cucumber.runtime.Timeout.timeout(Timeout.java:13)&#10;&#9;at cucumber.runtime.Utils.invoke(Utils.java:31)&#10;&#9;at cucumber.runtime.java.JavaStepDefinition.execute(JavaStepDefinition.java:37)&#10;&#9;at cucumber.runtime.StepDefinitionMatch.runStep(StepDefinitionMatch.java:37)&#10;&#9;at cucumber.runtime.Runtime.runStep(Runtime.java:298)&#10;&#9;at cucumber.runtime.model.StepContainer.runStep(StepContainer.java:44)&#10;&#9;at cucumber.runtime.model.StepContainer.runSteps(StepContainer.java:39)&#10;&#9;at cucumber.runtime.model.CucumberScenario.run(CucumberScenario.java:48)&#10;&#9;at cucumber.runtime.junit.ExecutionUnitRunner.run(ExecutionUnitRunner.java:91)&#10;&#9;at cucumber.runtime.junit.FeatureRunner.runChild(FeatureRunner.java:63)&#10;&#9;at cucumber.runtime.junit.FeatureRunner.runChild(FeatureRunner.java:18)&#10;&#9;at org.junit.runners.ParentRunner$3.run(ParentRunner.java:238)&#10;&#9;at org.junit.runners.ParentRunner$1.schedule(ParentRunner.java:63)&#10;&#9;at org.junit.runners.ParentRunner.runChildren(ParentRunner.java:236)&#10;&#9;at org.junit.runners.ParentRunner.access$000(ParentRunner.java:53)&#10;&#9;at org.junit.runners.ParentRunner$2.evaluate(ParentRunner.java:229)&#10;&#9;at org.junit.runners.ParentRunner.run(ParentRunner.java:309)&#10;&#9;at cucumber.runtime.junit.FeatureRunner.run(FeatureRunner.java:70)&#10;&#9;at cucumber.api.junit.Cucumber.runChild(Cucumber.java:93)&#10;&#9;at cucumber.api.junit.Cucumber.runChild(Cucumber.java:37)&#10;&#9;at org.junit.runners.ParentRunner$3.run(ParentRunner.java:238)&#10;&#9;at org.junit.runners.ParentRunner$1.schedule(ParentRunner.java:63)&#10;&#9;at org.junit.runners.ParentRunner.runChildren(ParentRunner.java:236)&#10;&#9;at org.junit.runners.ParentRunner.access$000(ParentRunner.java:53)&#10;&#9;at org.junit.runners.ParentRunner$2.evaluate(ParentRunner.java:229)&#10;&#9;at org.junit.internal.runners.statements.RunAfters.evaluate(RunAfters.java:27)&#10;&#9;at org.junit.runners.ParentRunner.run(ParentRunner.java:309)&#10;&#9;at cucumber.api.junit.Cucumber.run(Cucumber.java:98)&#10;&#9;at org.eclipse.jdt.internal.junit4.runner.JUnit4TestReference.run(JUnit4TestReference.java:86)&#10;&#9;at org.eclipse.jdt.internal.junit.runner.TestExecution.run(TestExecution.java:38)&#10;&#9;at org.eclipse.jdt.internal.junit.runner.RemoteTestRunner.runTests(RemoteTestRunner.java:459)&#10;&#9;at org.eclipse.jdt.internal.junit.runner.RemoteTestRunner.runTests(RemoteTestRunner.java:678)&#10;&#9;at org.eclipse.jdt.internal.junit.runner.RemoteTestRunner.run(RemoteTestRunner.java:382)&#10;&#9;at org.eclipse.jdt.internal.junit.runner.RemoteTestRunner.main(RemoteTestRunner.java:192)&#10;Caused by: java.net.ConnectException: Connection refused&#10;&#9;at java.net.PlainSocketImpl.socketConnect(Native Method)&#10;&#9;at java.net.AbstractPlainSocketImpl.doConnect(AbstractPlainSocketImpl.java:350)&#10;&#9;at java.net.AbstractPlainSocketImpl.connectToAddress(AbstractPlainSocketImpl.java:206)&#10;&#9;at java.net.AbstractPlainSocketImpl.connect(AbstractPlainSocketImpl.java:188)&#10;&#9;at java.net.Socket.connect(Socket.java:589)&#10;&#9;at java.net.Socket.connect(Socket.java:538)&#10;&#9;at sun.net.NetworkClient.doConnect(NetworkClient.java:180)&#10;&#9;at sun.net.www.http.HttpClient.openServer(HttpClient.java:432)&#10;&#9;at sun.net.www.http.HttpClient$1.run(HttpClient.java:484)&#10;&#9;at sun.net.www.http.HttpClient$1.run(HttpClient.java:482)&#10;&#9;at java.security.AccessController.doPrivileged(Native Method)&#10;&#9;at sun.net.www.http.HttpClient.privilegedOpenServer(HttpClient.java:481)&#10;&#9;at sun.net.www.http.HttpClient.openServer(HttpClient.java:522)&#10;&#9;at sun.net.www.http.HttpClient.&lt;init&gt;(HttpClient.java:211)&#10;&#9;at sun.net.www.http.HttpClient.New(HttpClient.java:308)&#10;&#9;at sun.net.www.http.HttpClient.New(HttpClient.java:326)&#10;&#9;at sun.net.www.protocol.http.HttpURLConnection.getNewHttpClient(HttpURLConnection.java:1169)&#10;&#9;at sun.net.www.protocol.http.HttpURLConnection.plainConnect0(HttpURLConnection.java:1148)&#10;&#9;at sun.net.www.protocol.http.HttpURLConnection.plainConnect(HttpURLConnection.java:999)&#10;&#9;at sun.net.www.protocol.http.HttpURLConnection.connect(HttpURLConnection.java:933)&#10;&#9;at org.zaproxy.clientapi.core.ClientApi.getConnectionInputStream(ClientApi.java:313)&#10;&#9;at org.zaproxy.clientapi.core.ClientApi.callApiDom(ClientApi.java:305)&#10;&#9;... 44 more&#10;"><![CDATA[Given prepare to Attempt SSI................................................failed
When Try to Attempt SSI.....................................................skipped
Then Assert the success of Attempt SSI......................................skipped
Then assert the consequences of the pattern.................................undefined
Then assert the consequences of the pattern audit interceptor...............skipped
Then assert the consequences of the pattern secure logger...................skipped

StackTrace:
net.continuumsecurity.proxy.ProxyException: org.zaproxy.clientapi.core.ClientApiException: java.net.ConnectException: Connection refused
	at net.continuumsecurity.proxy.ZAProxyScanner.validateMinimumRequiredZapVersion(ZAProxyScanner.java:96)
	at net.continuumsecurity.proxy.ZAProxyScanner.<init>(ZAProxyScanner.java:38)
	at steps.attemptssi.preattemptssi(attemptssi.java:17)
	at ✽.Given prepare to Attempt SSI(CAPEC_101_Step_1_2.feature:5)
Caused by: org.zaproxy.clientapi.core.ClientApiException: java.net.ConnectException: Connection refused
	at org.zaproxy.clientapi.core.ClientApi.callApiDom(ClientApi.java:307)
	at org.zaproxy.clientapi.core.ClientApi.callApi(ClientApi.java:289)
	at org.zaproxy.clientapi.gen.Core.version(Core.java:158)
	at net.continuumsecurity.proxy.ZAProxyScanner.validateMinimumRequiredZapVersion(ZAProxyScanner.java:85)
	at net.continuumsecurity.proxy.ZAProxyScanner.<init>(ZAProxyScanner.java:38)
	at steps.attemptssi.preattemptssi(attemptssi.java:17)
	at sun.reflect.NativeMethodAccessorImpl.invoke0(Native Method)
	at sun.reflect.NativeMethodAccessorImpl.invoke(NativeMethodAccessorImpl.java:62)
	at sun.reflect.DelegatingMethodAccessorImpl.invoke(DelegatingMethodAccessorImpl.java:43)
	at java.lang.reflect.Method.invoke(Method.java:498)
	at cucumber.runtime.Utils$1.call(Utils.java:37)
	at cucumber.runtime.Timeout.timeout(Timeout.java:13)
	at cucumber.runtime.Utils.invoke(Utils.java:31)
	at cucumber.runtime.java.JavaStepDefinition.execute(JavaStepDefinition.java:37)
	at cucumber.runtime.StepDefinitionMatch.runStep(StepDefinitionMatch.java:37)
	at cucumber.runtime.Runtime.runStep(Runtime.java:298)
	at cucumber.runtime.model.StepContainer.runStep(StepContainer.java:44)
	at cucumber.runtime.model.StepContainer.runSteps(StepContainer.java:39)
	at cucumber.runtime.model.CucumberScenario.run(CucumberScenario.java:48)
	at cucumber.runtime.junit.ExecutionUnitRunner.run(ExecutionUnitRunner.java:91)
	at cucumber.runtime.junit.FeatureRunner.runChild(FeatureRunner.java:63)
	at cucumber.runtime.junit.FeatureRunner.runChild(FeatureRunner.java:18)
	at org.junit.runners.ParentRunner$3.run(ParentRunner.java:238)
	at org.junit.runners.ParentRunner$1.schedule(ParentRunner.java:63)
	at org.junit.runners.ParentRunner.runChildren(ParentRunner.java:236)
	at org.junit.runners.ParentRunner.access$000(ParentRunner.java:53)
	at org.junit.runners.ParentRunner$2.evaluate(ParentRunner.java:229)
	at org.junit.runners.ParentRunner.run(ParentRunner.java:309)
	at cucumber.runtime.junit.FeatureRunner.run(FeatureRunner.java:70)
	at cucumber.api.junit.Cucumber.runChild(Cucumber.java:93)
	at cucumber.api.junit.Cucumber.runChild(Cucumber.java:37)
	at org.junit.runners.ParentRunner$3.run(ParentRunner.java:238)
	at org.junit.runners.ParentRunner$1.schedule(ParentRunner.java:63)
	at org.junit.runners.ParentRunner.runChildren(ParentRunner.java:236)
	at org.junit.runners.ParentRunner.access$000(ParentRunner.java:53)
	at org.junit.runners.ParentRunner$2.evaluate(ParentRunner.java:229)
	at org.junit.internal.runners.statements.RunAfters.evaluate(RunAfters.java:27)
	at org.junit.runners.ParentRunner.run(ParentRunner.java:309)
	at cucumber.api.junit.Cucumber.run(Cucumber.java:98)
	at org.eclipse.jdt.internal.junit4.runner.JUnit4TestReference.run(JUnit4TestReference.java:86)
	at org.eclipse.jdt.internal.junit.runner.TestExecution.run(TestExecution.java:38)
	at org.eclipse.jdt.internal.junit.runner.RemoteTestRunner.runTests(RemoteTestRunner.java:459)
	at org.eclipse.jdt.internal.junit.runner.RemoteTestRunner.runTests(RemoteTestRunner.java:678)
	at org.eclipse.jdt.internal.junit.runner.RemoteTestRunner.run(RemoteTestRunner.java:382)
	at org.eclipse.jdt.internal.junit.runner.RemoteTestRunner.main(RemoteTestRunner.java:192)
Caused by: java.net.ConnectException: Connection refused
	at java.net.PlainSocketImpl.socketConnect(Native Method)
	at java.net.AbstractPlainSocketImpl.doConnect(AbstractPlainSocketImpl.java:350)
	at java.net.AbstractPlainSocketImpl.connectToAddress(AbstractPlainSocketImpl.java:206)
	at java.net.AbstractPlainSocketImpl.connect(AbstractPlainSocketImpl.java:188)
	at java.net.Socket.connect(Socket.java:589)
	at java.net.Socket.connect(Socket.java:538)
	at sun.net.NetworkClient.doConnect(NetworkClient.java:180)
	at sun.net.www.http.HttpClient.openServer(HttpClient.java:432)
	at sun.net.www.http.HttpClient$1.run(HttpClient.java:484)
	at sun.net.www.http.HttpClient$1.run(HttpClient.java:482)
	at java.security.AccessController.doPrivileged(Native Method)
	at sun.net.www.http.HttpClient.privilegedOpenServer(HttpClient.java:481)
	at sun.net.www.http.HttpClient.openServer(HttpClient.java:522)
	at sun.net.www.http.HttpClient.<init>(HttpClient.java:211)
	at sun.net.www.http.HttpClient.New(HttpClient.java:308)
	at sun.net.www.http.HttpClient.New(HttpClient.java:326)
	at sun.net.www.protocol.http.HttpURLConnection.getNewHttpClient(HttpURLConnection.java:1169)
	at sun.net.www.protocol.http.HttpURLConnection.plainConnect0(HttpURLConnection.java:1148)
	at sun.net.www.protocol.http.HttpURLConnection.plainConnect(HttpURLConnection.java:999)
	at sun.net.www.protocol.http.HttpURLConnection.connect(HttpURLConnection.java:933)
	at org.zaproxy.clientapi.core.ClientApi.getConnectionInputStream(ClientApi.java:313)
	at org.zaproxy.clientapi.core.ClientApi.callApiDom(ClientApi.java:305)
	... 44 more
]]></failure>
</testcase>
<testcase classname="CAPEC-101: Server Side Include (SSI) Injection" name="Step1.3 Inject SSI" time="0.000076">
<skipped><![CDATA[Given prepare to Inject SSI.................................................passed
When Try to Inject SSI......................................................passed
Then Assert the success of Inject SSI.......................................passed
Then assert the consequences of the pattern.................................undefined
Then assert the consequences of the pattern audit interceptor...............skipped
Then assert the consequences of the pattern secure logger...................skipped
]]></skipped>
</testcase>
<testcase classname="CAPEC-102: Session Sidejacking" name="Step1.1 Detect Unprotected Session Token Transfer" time="0.000116">
<skipped><![CDATA[Given prepare to Detect Unprotected Session Token Transfer..................passed
When Try to Detect Unprotected Session Token Transfer.......................passed
Then Assert the success of Detect Unprotected Session Token Transfer........passed
Then assert the consequences of the pattern.................................undefined
Then assert the consequences of the pattern audit interceptor...............skipped
Then assert the consequences of the pattern secure logger...................skipped
]]></skipped>
</testcase>
<testcase classname="CAPEC-102: Session Sidejacking" name="Step2.1 Capture session token" time="0.002268">
<failure message="net.continuumsecurity.proxy.ProxyException: org.zaproxy.clientapi.core.ClientApiException: java.net.ConnectException: Connection refused&#10;&#9;at net.continuumsecurity.proxy.ZAProxyScanner.validateMinimumRequiredZapVersion(ZAProxyScanner.java:96)&#10;&#9;at net.continuumsecurity.proxy.ZAProxyScanner.&lt;init&gt;(ZAProxyScanner.java:38)&#10;&#9;at steps.capturesessiontoken.precapturesessiontoken(capturesessiontoken.java:25)&#10;&#9;at ✽.Given prepare to Capture session token(CAPEC_102_Step_2_1.feature:5)&#10;Caused by: org.zaproxy.clientapi.core.ClientApiException: java.net.ConnectException: Connection refused&#10;&#9;at org.zaproxy.clientapi.core.ClientApi.callApiDom(ClientApi.java:307)&#10;&#9;at org.zaproxy.clientapi.core.ClientApi.callApi(ClientApi.java:289)&#10;&#9;at org.zaproxy.clientapi.gen.Core.version(Core.java:158)&#10;&#9;at net.continuumsecurity.proxy.ZAProxyScanner.validateMinimumRequiredZapVersion(ZAProxyScanner.java:85)&#10;&#9;at net.continuumsecurity.proxy.ZAProxyScanner.&lt;init&gt;(ZAProxyScanner.java:38)&#10;&#9;at steps.capturesessiontoken.precapturesessiontoken(capturesessiontoken.java:25)&#10;&#9;at sun.reflect.NativeMethodAccessorImpl.invoke0(Native Method)&#10;&#9;at sun.reflect.NativeMethodAccessorImpl.invoke(NativeMethodAccessorImpl.java:62)&#10;&#9;at sun.reflect.DelegatingMethodAccessorImpl.invoke(DelegatingMethodAccessorImpl.java:43)&#10;&#9;at java.lang.reflect.Method.invoke(Method.java:498)&#10;&#9;at cucumber.runtime.Utils$1.call(Utils.java:37)&#10;&#9;at cucumber.runtime.Timeout.timeout(Timeout.java:13)&#10;&#9;at cucumber.runtime.Utils.invoke(Utils.java:31)&#10;&#9;at cucumber.runtime.java.JavaStepDefinition.execute(JavaStepDefinition.java:37)&#10;&#9;at cucumber.runtime.StepDefinitionMatch.runStep(StepDefinitionMatch.java:37)&#10;&#9;at cucumber.runtime.Runtime.runStep(Runtime.java:298)&#10;&#9;at cucumber.runtime.model.StepContainer.runStep(StepContainer.java:44)&#10;&#9;at cucumber.runtime.model.StepContainer.runSteps(StepContainer.java:39)&#10;&#9;at cucumber.runtime.model.CucumberScenario.run(CucumberScenario.java:48)&#10;&#9;at cucumber.runtime.junit.ExecutionUnitRunner.run(ExecutionUnitRunner.java:91)&#10;&#9;at cucumber.runtime.junit.FeatureRunner.runChild(FeatureRunner.java:63)&#10;&#9;at cucumber.runtime.junit.FeatureRunner.runChild(FeatureRunner.java:18)&#10;&#9;at org.junit.runners.ParentRunner$3.run(ParentRunner.java:238)&#10;&#9;at org.junit.runners.ParentRunner$1.schedule(ParentRunner.java:63)&#10;&#9;at org.junit.runners.ParentRunner.runChildren(ParentRunner.java:236)&#10;&#9;at org.junit.runners.ParentRunner.access$000(ParentRunner.java:53)&#10;&#9;at org.junit.runners.ParentRunner$2.evaluate(ParentRunner.java:229)&#10;&#9;at org.junit.runners.ParentRunner.run(ParentRunner.java:309)&#10;&#9;at cucumber.runtime.junit.FeatureRunner.run(FeatureRunner.java:70)&#10;&#9;at cucumber.api.junit.Cucumber.runChild(Cucumber.java:93)&#10;&#9;at cucumber.api.junit.Cucumber.runChild(Cucumber.java:37)&#10;&#9;at org.junit.runners.ParentRunner$3.run(ParentRunner.java:238)&#10;&#9;at org.junit.runners.ParentRunner$1.schedule(ParentRunner.java:63)&#10;&#9;at org.junit.runners.ParentRunner.runChildren(ParentRunner.java:236)&#10;&#9;at org.junit.runners.ParentRunner.access$000(ParentRunner.java:53)&#10;&#9;at org.junit.runners.ParentRunner$2.evaluate(ParentRunner.java:229)&#10;&#9;at org.junit.internal.runners.statements.RunAfters.evaluate(RunAfters.java:27)&#10;&#9;at org.junit.runners.ParentRunner.run(ParentRunner.java:309)&#10;&#9;at cucumber.api.junit.Cucumber.run(Cucumber.java:98)&#10;&#9;at org.eclipse.jdt.internal.junit4.runner.JUnit4TestReference.run(JUnit4TestReference.java:86)&#10;&#9;at org.eclipse.jdt.internal.junit.runner.TestExecution.run(TestExecution.java:38)&#10;&#9;at org.eclipse.jdt.internal.junit.runner.RemoteTestRunner.runTests(RemoteTestRunner.java:459)&#10;&#9;at org.eclipse.jdt.internal.junit.runner.RemoteTestRunner.runTests(RemoteTestRunner.java:678)&#10;&#9;at org.eclipse.jdt.internal.junit.runner.RemoteTestRunner.run(RemoteTestRunner.java:382)&#10;&#9;at org.eclipse.jdt.internal.junit.runner.RemoteTestRunner.main(RemoteTestRunner.java:192)&#10;Caused by: java.net.ConnectException: Connection refused&#10;&#9;at java.net.PlainSocketImpl.socketConnect(Native Method)&#10;&#9;at java.net.AbstractPlainSocketImpl.doConnect(AbstractPlainSocketImpl.java:350)&#10;&#9;at java.net.AbstractPlainSocketImpl.connectToAddress(AbstractPlainSocketImpl.java:206)&#10;&#9;at java.net.AbstractPlainSocketImpl.connect(AbstractPlainSocketImpl.java:188)&#10;&#9;at java.net.Socket.connect(Socket.java:589)&#10;&#9;at java.net.Socket.connect(Socket.java:538)&#10;&#9;at sun.net.NetworkClient.doConnect(NetworkClient.java:180)&#10;&#9;at sun.net.www.http.HttpClient.openServer(HttpClient.java:432)&#10;&#9;at sun.net.www.http.HttpClient$1.run(HttpClient.java:484)&#10;&#9;at sun.net.www.http.HttpClient$1.run(HttpClient.java:482)&#10;&#9;at java.security.AccessController.doPrivileged(Native Method)&#10;&#9;at sun.net.www.http.HttpClient.privilegedOpenServer(HttpClient.java:481)&#10;&#9;at sun.net.www.http.HttpClient.openServer(HttpClient.java:522)&#10;&#9;at sun.net.www.http.HttpClient.&lt;init&gt;(HttpClient.java:211)&#10;&#9;at sun.net.www.http.HttpClient.New(HttpClient.java:308)&#10;&#9;at sun.net.www.http.HttpClient.New(HttpClient.java:326)&#10;&#9;at sun.net.www.protocol.http.HttpURLConnection.getNewHttpClient(HttpURLConnection.java:1169)&#10;&#9;at sun.net.www.protocol.http.HttpURLConnection.plainConnect0(HttpURLConnection.java:1148)&#10;&#9;at sun.net.www.protocol.http.HttpURLConnection.plainConnect(HttpURLConnection.java:999)&#10;&#9;at sun.net.www.protocol.http.HttpURLConnection.connect(HttpURLConnection.java:933)&#10;&#9;at org.zaproxy.clientapi.core.ClientApi.getConnectionInputStream(ClientApi.java:313)&#10;&#9;at org.zaproxy.clientapi.core.ClientApi.callApiDom(ClientApi.java:305)&#10;&#9;... 44 more&#10;"><![CDATA[Given prepare to Capture session token......................................failed
When Try to Capture session token...........................................skipped
Then Assert the success of Capture session token............................skipped
Then assert the consequences of the pattern.................................undefined
Then assert the consequences of the pattern audit interceptor...............skipped
Then assert the consequences of the pattern secure logger...................skipped

StackTrace:
net.continuumsecurity.proxy.ProxyException: org.zaproxy.clientapi.core.ClientApiException: java.net.ConnectException: Connection refused
	at net.continuumsecurity.proxy.ZAProxyScanner.validateMinimumRequiredZapVersion(ZAProxyScanner.java:96)
	at net.continuumsecurity.proxy.ZAProxyScanner.<init>(ZAProxyScanner.java:38)
	at steps.capturesessiontoken.precapturesessiontoken(capturesessiontoken.java:25)
	at ✽.Given prepare to Capture session token(CAPEC_102_Step_2_1.feature:5)
Caused by: org.zaproxy.clientapi.core.ClientApiException: java.net.ConnectException: Connection refused
	at org.zaproxy.clientapi.core.ClientApi.callApiDom(ClientApi.java:307)
	at org.zaproxy.clientapi.core.ClientApi.callApi(ClientApi.java:289)
	at org.zaproxy.clientapi.gen.Core.version(Core.java:158)
	at net.continuumsecurity.proxy.ZAProxyScanner.validateMinimumRequiredZapVersion(ZAProxyScanner.java:85)
	at net.continuumsecurity.proxy.ZAProxyScanner.<init>(ZAProxyScanner.java:38)
	at steps.capturesessiontoken.precapturesessiontoken(capturesessiontoken.java:25)
	at sun.reflect.NativeMethodAccessorImpl.invoke0(Native Method)
	at sun.reflect.NativeMethodAccessorImpl.invoke(NativeMethodAccessorImpl.java:62)
	at sun.reflect.DelegatingMethodAccessorImpl.invoke(DelegatingMethodAccessorImpl.java:43)
	at java.lang.reflect.Method.invoke(Method.java:498)
	at cucumber.runtime.Utils$1.call(Utils.java:37)
	at cucumber.runtime.Timeout.timeout(Timeout.java:13)
	at cucumber.runtime.Utils.invoke(Utils.java:31)
	at cucumber.runtime.java.JavaStepDefinition.execute(JavaStepDefinition.java:37)
	at cucumber.runtime.StepDefinitionMatch.runStep(StepDefinitionMatch.java:37)
	at cucumber.runtime.Runtime.runStep(Runtime.java:298)
	at cucumber.runtime.model.StepContainer.runStep(StepContainer.java:44)
	at cucumber.runtime.model.StepContainer.runSteps(StepContainer.java:39)
	at cucumber.runtime.model.CucumberScenario.run(CucumberScenario.java:48)
	at cucumber.runtime.junit.ExecutionUnitRunner.run(ExecutionUnitRunner.java:91)
	at cucumber.runtime.junit.FeatureRunner.runChild(FeatureRunner.java:63)
	at cucumber.runtime.junit.FeatureRunner.runChild(FeatureRunner.java:18)
	at org.junit.runners.ParentRunner$3.run(ParentRunner.java:238)
	at org.junit.runners.ParentRunner$1.schedule(ParentRunner.java:63)
	at org.junit.runners.ParentRunner.runChildren(ParentRunner.java:236)
	at org.junit.runners.ParentRunner.access$000(ParentRunner.java:53)
	at org.junit.runners.ParentRunner$2.evaluate(ParentRunner.java:229)
	at org.junit.runners.ParentRunner.run(ParentRunner.java:309)
	at cucumber.runtime.junit.FeatureRunner.run(FeatureRunner.java:70)
	at cucumber.api.junit.Cucumber.runChild(Cucumber.java:93)
	at cucumber.api.junit.Cucumber.runChild(Cucumber.java:37)
	at org.junit.runners.ParentRunner$3.run(ParentRunner.java:238)
	at org.junit.runners.ParentRunner$1.schedule(ParentRunner.java:63)
	at org.junit.runners.ParentRunner.runChildren(ParentRunner.java:236)
	at org.junit.runners.ParentRunner.access$000(ParentRunner.java:53)
	at org.junit.runners.ParentRunner$2.evaluate(ParentRunner.java:229)
	at org.junit.internal.runners.statements.RunAfters.evaluate(RunAfters.java:27)
	at org.junit.runners.ParentRunner.run(ParentRunner.java:309)
	at cucumber.api.junit.Cucumber.run(Cucumber.java:98)
	at org.eclipse.jdt.internal.junit4.runner.JUnit4TestReference.run(JUnit4TestReference.java:86)
	at org.eclipse.jdt.internal.junit.runner.TestExecution.run(TestExecution.java:38)
	at org.eclipse.jdt.internal.junit.runner.RemoteTestRunner.runTests(RemoteTestRunner.java:459)
	at org.eclipse.jdt.internal.junit.runner.RemoteTestRunner.runTests(RemoteTestRunner.java:678)
	at org.eclipse.jdt.internal.junit.runner.RemoteTestRunner.run(RemoteTestRunner.java:382)
	at org.eclipse.jdt.internal.junit.runner.RemoteTestRunner.main(RemoteTestRunner.java:192)
Caused by: java.net.ConnectException: Connection refused
	at java.net.PlainSocketImpl.socketConnect(Native Method)
	at java.net.AbstractPlainSocketImpl.doConnect(AbstractPlainSocketImpl.java:350)
	at java.net.AbstractPlainSocketImpl.connectToAddress(AbstractPlainSocketImpl.java:206)
	at java.net.AbstractPlainSocketImpl.connect(AbstractPlainSocketImpl.java:188)
	at java.net.Socket.connect(Socket.java:589)
	at java.net.Socket.connect(Socket.java:538)
	at sun.net.NetworkClient.doConnect(NetworkClient.java:180)
	at sun.net.www.http.HttpClient.openServer(HttpClient.java:432)
	at sun.net.www.http.HttpClient$1.run(HttpClient.java:484)
	at sun.net.www.http.HttpClient$1.run(HttpClient.java:482)
	at java.security.AccessController.doPrivileged(Native Method)
	at sun.net.www.http.HttpClient.privilegedOpenServer(HttpClient.java:481)
	at sun.net.www.http.HttpClient.openServer(HttpClient.java:522)
	at sun.net.www.http.HttpClient.<init>(HttpClient.java:211)
	at sun.net.www.http.HttpClient.New(HttpClient.java:308)
	at sun.net.www.http.HttpClient.New(HttpClient.java:326)
	at sun.net.www.protocol.http.HttpURLConnection.getNewHttpClient(HttpURLConnection.java:1169)
	at sun.net.www.protocol.http.HttpURLConnection.plainConnect0(HttpURLConnection.java:1148)
	at sun.net.www.protocol.http.HttpURLConnection.plainConnect(HttpURLConnection.java:999)
	at sun.net.www.protocol.http.HttpURLConnection.connect(HttpURLConnection.java:933)
	at org.zaproxy.clientapi.core.ClientApi.getConnectionInputStream(ClientApi.java:313)
	at org.zaproxy.clientapi.core.ClientApi.callApiDom(ClientApi.java:305)
	... 44 more
]]></failure>
</testcase>
<testcase classname="CAPEC-102: Session Sidejacking" name="Step2.2 Insert captured session token" time="0.00011">
<skipped><![CDATA[Given prepare to Insert captured session token..............................passed
When Try to Insert captured session token...................................passed
Then Assert the success of Insert captured session token....................passed
Then assert the consequences of the pattern.................................undefined
Then assert the consequences of the pattern audit interceptor...............skipped
Then assert the consequences of the pattern secure logger...................skipped
]]></skipped>
</testcase>
<testcase classname="CAPEC-102: Session Sidejacking" name="Step3.1 Session Token Exploitation" time="0.000149">
<system-out><![CDATA[Given prepare to Session Token Exploitation.................................passed
When Try to Session Token Exploitation......................................passed
Then Assert the success of Session Token Exploitation.......................passed
Then assert the consequences of the pattern secure logger...................passed
]]></system-out>
</testcase>
<testcase classname="CAPEC-103: Clickjacking" name="Step1.1 Craft a clickjacking page" time="0.000161">
<system-out><![CDATA[Given prepare to Craft a clickjacking page..................................passed
When Try to Craft a clickjacking page.......................................passed
Then Assert the success of Craft a clickjacking page........................passed
Then assert the consequences of the pattern output guard....................passed
Then assert the consequences of the pattern comparator checked fault tolerant system.passed
]]></system-out>
</testcase>
<testcase classname="CAPEC-103: Clickjacking" name="Step2.1 Attacker lures victim to clickjacking page" time="0.000083">
<skipped><![CDATA[Given prepare to Attacker lures victim to clickjacking page.................passed
When Try to Attacker lures victim to clickjacking page......................passed
Then Assert the success of Attacker lures victim to clickjacking page.......passed
Then assert the consequences of the pattern.................................undefined
Then assert the consequences of the pattern audit interceptor...............skipped
Then assert the consequences of the pattern secure logger...................skipped
]]></skipped>
</testcase>
<testcase classname="CAPEC-103: Clickjacking" name="Step2.2 Trick victim into interacting with the clickjacking page in the desired manner" time="0.000119">
<skipped><![CDATA[Given prepare to Trick victim into interacting with the clickjacking page in the desired manner.passed
When Try to Trick victim into interacting with the clickjacking page in the desired manner.passed
Then Assert the success of Trick victim into interacting with the clickjacking page in the desired manner.passed
Then assert the consequences of the pattern.................................undefined
Then assert the consequences of the pattern audit interceptor...............skipped
Then assert the consequences of the pattern secure logger...................skipped
]]></skipped>
</testcase>
<testcase classname="CAPEC-104: Cross Zone Scripting" name="Step1.1 Find systems susceptible to the attack" time="0.000113">
<skipped><![CDATA[Given prepare to Find systems susceptible to the attack.....................passed
When Try to Find systems susceptible to the attack..........................passed
Then Assert the success of Find systems susceptible to the attack...........passed
Then assert the consequences of the pattern.................................undefined
]]></skipped>
</testcase>
<testcase classname="CAPEC-104: Cross Zone Scripting" name="Step2.1 Find the insertion point for the payload" time="0.000142">
<skipped><![CDATA[Given prepare to Find the insertion point for the payload...................passed
When Try to Find the insertion point for the payload........................passed
Then Assert the success of Find the insertion point for the payload.........passed
Then assert the consequences of the pattern.................................undefined
Then assert the consequences of the pattern audit interceptor...............skipped
Then assert the consequences of the pattern secure logger...................skipped
]]></skipped>
</testcase>
<testcase classname="CAPEC-104: Cross Zone Scripting" name="Step3.1 Craft and inject the payload" time="0.000157">
<skipped><![CDATA[Given prepare to Craft and inject the payload...............................passed
When Try to Craft and inject the payload....................................passed
Then Assert the success of Craft and inject the payload.....................passed
Then assert the consequences of the pattern.................................undefined
Then assert the consequences of the pattern audit interceptor...............skipped
Then assert the consequences of the pattern secure logger...................skipped
]]></skipped>
</testcase>
<testcase classname="CAPEC-105: HTTP Request Splitting" name="Step1.1 Investigate Target Environment" time="0.000132">
<skipped><![CDATA[Given prepare to Investigate Target Environment.............................passed
When Try to Investigate Target Environment..................................passed
Then Assert the success of Investigate Target Environment...................passed
Then assert the consequences of the pattern.................................undefined
Then assert the consequences of the pattern audit interceptor...............skipped
Then assert the consequences of the pattern secure logger...................skipped
]]></skipped>
</testcase>
<testcase classname="CAPEC-105: HTTP Request Splitting" name="Step2.1 Post a malicious HTTP Request" time="0.000121">
<skipped><![CDATA[Given prepare to Post a malicious HTTP Request..............................passed
When Try to Post a malicious HTTP Request...................................passed
Then Assert the success of Post a malicious HTTP Request....................passed
Then assert the consequences of the pattern.................................undefined
Then assert the consequences of the pattern audit interceptor...............skipped
Then assert the consequences of the pattern secure logger...................skipped
]]></skipped>
</testcase>
<testcase classname="CAPEC-106: Cross Site Scripting through Log Files" name="Step1.1 Probe for log injection vulnerability" time="0.000116">
<system-out><![CDATA[Given prepare to Probe for log injection vulnerability......................passed
When Try to Probe for log injection vulnerability...........................passed
Then Assert the success of Probe for log injection vulnerability............passed
Then assert the consequences of the pattern secure logger...................passed
]]></system-out>
</testcase>
<testcase classname="CAPEC-106: Cross Site Scripting through Log Files" name="Step1.2 Probe for cross-site scripting vulnerability" time="0.002267">
<failure message="net.continuumsecurity.proxy.ProxyException: org.zaproxy.clientapi.core.ClientApiException: java.net.ConnectException: Connection refused&#10;&#9;at net.continuumsecurity.proxy.ZAProxyScanner.validateMinimumRequiredZapVersion(ZAProxyScanner.java:96)&#10;&#9;at net.continuumsecurity.proxy.ZAProxyScanner.&lt;init&gt;(ZAProxyScanner.java:38)&#10;&#9;at steps.probeforcrosssitescriptingvulnerability.preprobeforcrosssitescriptingvulnerability(probeforcrosssitescriptingvulnerability.java:15)&#10;&#9;at ✽.Given prepare to Probe for cross-site scripting vulnerability(CAPEC_106_Step_1_2.feature:5)&#10;Caused by: org.zaproxy.clientapi.core.ClientApiException: java.net.ConnectException: Connection refused&#10;&#9;at org.zaproxy.clientapi.core.ClientApi.callApiDom(ClientApi.java:307)&#10;&#9;at org.zaproxy.clientapi.core.ClientApi.callApi(ClientApi.java:289)&#10;&#9;at org.zaproxy.clientapi.gen.Core.version(Core.java:158)&#10;&#9;at net.continuumsecurity.proxy.ZAProxyScanner.validateMinimumRequiredZapVersion(ZAProxyScanner.java:85)&#10;&#9;at net.continuumsecurity.proxy.ZAProxyScanner.&lt;init&gt;(ZAProxyScanner.java:38)&#10;&#9;at steps.probeforcrosssitescriptingvulnerability.preprobeforcrosssitescriptingvulnerability(probeforcrosssitescriptingvulnerability.java:15)&#10;&#9;at sun.reflect.NativeMethodAccessorImpl.invoke0(Native Method)&#10;&#9;at sun.reflect.NativeMethodAccessorImpl.invoke(NativeMethodAccessorImpl.java:62)&#10;&#9;at sun.reflect.DelegatingMethodAccessorImpl.invoke(DelegatingMethodAccessorImpl.java:43)&#10;&#9;at java.lang.reflect.Method.invoke(Method.java:498)&#10;&#9;at cucumber.runtime.Utils$1.call(Utils.java:37)&#10;&#9;at cucumber.runtime.Timeout.timeout(Timeout.java:13)&#10;&#9;at cucumber.runtime.Utils.invoke(Utils.java:31)&#10;&#9;at cucumber.runtime.java.JavaStepDefinition.execute(JavaStepDefinition.java:37)&#10;&#9;at cucumber.runtime.StepDefinitionMatch.runStep(StepDefinitionMatch.java:37)&#10;&#9;at cucumber.runtime.Runtime.runStep(Runtime.java:298)&#10;&#9;at cucumber.runtime.model.StepContainer.runStep(StepContainer.java:44)&#10;&#9;at cucumber.runtime.model.StepContainer.runSteps(StepContainer.java:39)&#10;&#9;at cucumber.runtime.model.CucumberScenario.run(CucumberScenario.java:48)&#10;&#9;at cucumber.runtime.junit.ExecutionUnitRunner.run(ExecutionUnitRunner.java:91)&#10;&#9;at cucumber.runtime.junit.FeatureRunner.runChild(FeatureRunner.java:63)&#10;&#9;at cucumber.runtime.junit.FeatureRunner.runChild(FeatureRunner.java:18)&#10;&#9;at org.junit.runners.ParentRunner$3.run(ParentRunner.java:238)&#10;&#9;at org.junit.runners.ParentRunner$1.schedule(ParentRunner.java:63)&#10;&#9;at org.junit.runners.ParentRunner.runChildren(ParentRunner.java:236)&#10;&#9;at org.junit.runners.ParentRunner.access$000(ParentRunner.java:53)&#10;&#9;at org.junit.runners.ParentRunner$2.evaluate(ParentRunner.java:229)&#10;&#9;at org.junit.runners.ParentRunner.run(ParentRunner.java:309)&#10;&#9;at cucumber.runtime.junit.FeatureRunner.run(FeatureRunner.java:70)&#10;&#9;at cucumber.api.junit.Cucumber.runChild(Cucumber.java:93)&#10;&#9;at cucumber.api.junit.Cucumber.runChild(Cucumber.java:37)&#10;&#9;at org.junit.runners.ParentRunner$3.run(ParentRunner.java:238)&#10;&#9;at org.junit.runners.ParentRunner$1.schedule(ParentRunner.java:63)&#10;&#9;at org.junit.runners.ParentRunner.runChildren(ParentRunner.java:236)&#10;&#9;at org.junit.runners.ParentRunner.access$000(ParentRunner.java:53)&#10;&#9;at org.junit.runners.ParentRunner$2.evaluate(ParentRunner.java:229)&#10;&#9;at org.junit.internal.runners.statements.RunAfters.evaluate(RunAfters.java:27)&#10;&#9;at org.junit.runners.ParentRunner.run(ParentRunner.java:309)&#10;&#9;at cucumber.api.junit.Cucumber.run(Cucumber.java:98)&#10;&#9;at org.eclipse.jdt.internal.junit4.runner.JUnit4TestReference.run(JUnit4TestReference.java:86)&#10;&#9;at org.eclipse.jdt.internal.junit.runner.TestExecution.run(TestExecution.java:38)&#10;&#9;at org.eclipse.jdt.internal.junit.runner.RemoteTestRunner.runTests(RemoteTestRunner.java:459)&#10;&#9;at org.eclipse.jdt.internal.junit.runner.RemoteTestRunner.runTests(RemoteTestRunner.java:678)&#10;&#9;at org.eclipse.jdt.internal.junit.runner.RemoteTestRunner.run(RemoteTestRunner.java:382)&#10;&#9;at org.eclipse.jdt.internal.junit.runner.RemoteTestRunner.main(RemoteTestRunner.java:192)&#10;Caused by: java.net.ConnectException: Connection refused&#10;&#9;at java.net.PlainSocketImpl.socketConnect(Native Method)&#10;&#9;at java.net.AbstractPlainSocketImpl.doConnect(AbstractPlainSocketImpl.java:350)&#10;&#9;at java.net.AbstractPlainSocketImpl.connectToAddress(AbstractPlainSocketImpl.java:206)&#10;&#9;at java.net.AbstractPlainSocketImpl.connect(AbstractPlainSocketImpl.java:188)&#10;&#9;at java.net.Socket.connect(Socket.java:589)&#10;&#9;at java.net.Socket.connect(Socket.java:538)&#10;&#9;at sun.net.NetworkClient.doConnect(NetworkClient.java:180)&#10;&#9;at sun.net.www.http.HttpClient.openServer(HttpClient.java:432)&#10;&#9;at sun.net.www.http.HttpClient$1.run(HttpClient.java:484)&#10;&#9;at sun.net.www.http.HttpClient$1.run(HttpClient.java:482)&#10;&#9;at java.security.AccessController.doPrivileged(Native Method)&#10;&#9;at sun.net.www.http.HttpClient.privilegedOpenServer(HttpClient.java:481)&#10;&#9;at sun.net.www.http.HttpClient.openServer(HttpClient.java:522)&#10;&#9;at sun.net.www.http.HttpClient.&lt;init&gt;(HttpClient.java:211)&#10;&#9;at sun.net.www.http.HttpClient.New(HttpClient.java:308)&#10;&#9;at sun.net.www.http.HttpClient.New(HttpClient.java:326)&#10;&#9;at sun.net.www.protocol.http.HttpURLConnection.getNewHttpClient(HttpURLConnection.java:1169)&#10;&#9;at sun.net.www.protocol.http.HttpURLConnection.plainConnect0(HttpURLConnection.java:1148)&#10;&#9;at sun.net.www.protocol.http.HttpURLConnection.plainConnect(HttpURLConnection.java:999)&#10;&#9;at sun.net.www.protocol.http.HttpURLConnection.connect(HttpURLConnection.java:933)&#10;&#9;at org.zaproxy.clientapi.core.ClientApi.getConnectionInputStream(ClientApi.java:313)&#10;&#9;at org.zaproxy.clientapi.core.ClientApi.callApiDom(ClientApi.java:305)&#10;&#9;... 44 more&#10;"><![CDATA[Given prepare to Probe for cross-site scripting vulnerability...............failed
When Try to Probe for cross-site scripting vulnerability....................skipped
Then Assert the success of Probe for cross-site scripting vulnerability.....skipped
Then assert the consequences of the pattern secure logger...................skipped

StackTrace:
net.continuumsecurity.proxy.ProxyException: org.zaproxy.clientapi.core.ClientApiException: java.net.ConnectException: Connection refused
	at net.continuumsecurity.proxy.ZAProxyScanner.validateMinimumRequiredZapVersion(ZAProxyScanner.java:96)
	at net.continuumsecurity.proxy.ZAProxyScanner.<init>(ZAProxyScanner.java:38)
	at steps.probeforcrosssitescriptingvulnerability.preprobeforcrosssitescriptingvulnerability(probeforcrosssitescriptingvulnerability.java:15)
	at ✽.Given prepare to Probe for cross-site scripting vulnerability(CAPEC_106_Step_1_2.feature:5)
Caused by: org.zaproxy.clientapi.core.ClientApiException: java.net.ConnectException: Connection refused
	at org.zaproxy.clientapi.core.ClientApi.callApiDom(ClientApi.java:307)
	at org.zaproxy.clientapi.core.ClientApi.callApi(ClientApi.java:289)
	at org.zaproxy.clientapi.gen.Core.version(Core.java:158)
	at net.continuumsecurity.proxy.ZAProxyScanner.validateMinimumRequiredZapVersion(ZAProxyScanner.java:85)
	at net.continuumsecurity.proxy.ZAProxyScanner.<init>(ZAProxyScanner.java:38)
	at steps.probeforcrosssitescriptingvulnerability.preprobeforcrosssitescriptingvulnerability(probeforcrosssitescriptingvulnerability.java:15)
	at sun.reflect.NativeMethodAccessorImpl.invoke0(Native Method)
	at sun.reflect.NativeMethodAccessorImpl.invoke(NativeMethodAccessorImpl.java:62)
	at sun.reflect.DelegatingMethodAccessorImpl.invoke(DelegatingMethodAccessorImpl.java:43)
	at java.lang.reflect.Method.invoke(Method.java:498)
	at cucumber.runtime.Utils$1.call(Utils.java:37)
	at cucumber.runtime.Timeout.timeout(Timeout.java:13)
	at cucumber.runtime.Utils.invoke(Utils.java:31)
	at cucumber.runtime.java.JavaStepDefinition.execute(JavaStepDefinition.java:37)
	at cucumber.runtime.StepDefinitionMatch.runStep(StepDefinitionMatch.java:37)
	at cucumber.runtime.Runtime.runStep(Runtime.java:298)
	at cucumber.runtime.model.StepContainer.runStep(StepContainer.java:44)
	at cucumber.runtime.model.StepContainer.runSteps(StepContainer.java:39)
	at cucumber.runtime.model.CucumberScenario.run(CucumberScenario.java:48)
	at cucumber.runtime.junit.ExecutionUnitRunner.run(ExecutionUnitRunner.java:91)
	at cucumber.runtime.junit.FeatureRunner.runChild(FeatureRunner.java:63)
	at cucumber.runtime.junit.FeatureRunner.runChild(FeatureRunner.java:18)
	at org.junit.runners.ParentRunner$3.run(ParentRunner.java:238)
	at org.junit.runners.ParentRunner$1.schedule(ParentRunner.java:63)
	at org.junit.runners.ParentRunner.runChildren(ParentRunner.java:236)
	at org.junit.runners.ParentRunner.access$000(ParentRunner.java:53)
	at org.junit.runners.ParentRunner$2.evaluate(ParentRunner.java:229)
	at org.junit.runners.ParentRunner.run(ParentRunner.java:309)
	at cucumber.runtime.junit.FeatureRunner.run(FeatureRunner.java:70)
	at cucumber.api.junit.Cucumber.runChild(Cucumber.java:93)
	at cucumber.api.junit.Cucumber.runChild(Cucumber.java:37)
	at org.junit.runners.ParentRunner$3.run(ParentRunner.java:238)
	at org.junit.runners.ParentRunner$1.schedule(ParentRunner.java:63)
	at org.junit.runners.ParentRunner.runChildren(ParentRunner.java:236)
	at org.junit.runners.ParentRunner.access$000(ParentRunner.java:53)
	at org.junit.runners.ParentRunner$2.evaluate(ParentRunner.java:229)
	at org.junit.internal.runners.statements.RunAfters.evaluate(RunAfters.java:27)
	at org.junit.runners.ParentRunner.run(ParentRunner.java:309)
	at cucumber.api.junit.Cucumber.run(Cucumber.java:98)
	at org.eclipse.jdt.internal.junit4.runner.JUnit4TestReference.run(JUnit4TestReference.java:86)
	at org.eclipse.jdt.internal.junit.runner.TestExecution.run(TestExecution.java:38)
	at org.eclipse.jdt.internal.junit.runner.RemoteTestRunner.runTests(RemoteTestRunner.java:459)
	at org.eclipse.jdt.internal.junit.runner.RemoteTestRunner.runTests(RemoteTestRunner.java:678)
	at org.eclipse.jdt.internal.junit.runner.RemoteTestRunner.run(RemoteTestRunner.java:382)
	at org.eclipse.jdt.internal.junit.runner.RemoteTestRunner.main(RemoteTestRunner.java:192)
Caused by: java.net.ConnectException: Connection refused
	at java.net.PlainSocketImpl.socketConnect(Native Method)
	at java.net.AbstractPlainSocketImpl.doConnect(AbstractPlainSocketImpl.java:350)
	at java.net.AbstractPlainSocketImpl.connectToAddress(AbstractPlainSocketImpl.java:206)
	at java.net.AbstractPlainSocketImpl.connect(AbstractPlainSocketImpl.java:188)
	at java.net.Socket.connect(Socket.java:589)
	at java.net.Socket.connect(Socket.java:538)
	at sun.net.NetworkClient.doConnect(NetworkClient.java:180)
	at sun.net.www.http.HttpClient.openServer(HttpClient.java:432)
	at sun.net.www.http.HttpClient$1.run(HttpClient.java:484)
	at sun.net.www.http.HttpClient$1.run(HttpClient.java:482)
	at java.security.AccessController.doPrivileged(Native Method)
	at sun.net.www.http.HttpClient.privilegedOpenServer(HttpClient.java:481)
	at sun.net.www.http.HttpClient.openServer(HttpClient.java:522)
	at sun.net.www.http.HttpClient.<init>(HttpClient.java:211)
	at sun.net.www.http.HttpClient.New(HttpClient.java:308)
	at sun.net.www.http.HttpClient.New(HttpClient.java:326)
	at sun.net.www.protocol.http.HttpURLConnection.getNewHttpClient(HttpURLConnection.java:1169)
	at sun.net.www.protocol.http.HttpURLConnection.plainConnect0(HttpURLConnection.java:1148)
	at sun.net.www.protocol.http.HttpURLConnection.plainConnect(HttpURLConnection.java:999)
	at sun.net.www.protocol.http.HttpURLConnection.connect(HttpURLConnection.java:933)
	at org.zaproxy.clientapi.core.ClientApi.getConnectionInputStream(ClientApi.java:313)
	at org.zaproxy.clientapi.core.ClientApi.callApiDom(ClientApi.java:305)
	... 44 more
]]></failure>
</testcase>
<testcase classname="CAPEC-106: Cross Site Scripting through Log Files" name="Step2.1 Confirm exploitability" time="0.00012">
<skipped><![CDATA[Given prepare to Confirm exploitability.....................................passed
When Try to Confirm exploitability..........................................passed
Then Assert the success of Confirm exploitability...........................passed
Then assert the consequences of the pattern.................................undefined
Then assert the consequences of the pattern audit interceptor...............skipped
Then assert the consequences of the pattern secure logger...................skipped
]]></skipped>
</testcase>
<testcase classname="CAPEC-106: Cross Site Scripting through Log Files" name="Step3.1 Inject System Logs with Malicious Scripts" time="0.000119">
<skipped><![CDATA[Given prepare to Inject System Logs with Malicious Scripts..................passed
When Try to Inject System Logs with Malicious Scripts.......................passed
Then Assert the success of Inject System Logs with Malicious Scripts........passed
Then assert the consequences of the pattern.................................undefined
Then assert the consequences of the pattern audit interceptor...............skipped
Then assert the consequences of the pattern secure logger...................skipped
]]></skipped>
</testcase>
<testcase classname="CAPEC-107: Cross Site Tracing" name="Step1.1 Determine if HTTP Trace is enabled" time="0.000097">
<skipped><![CDATA[Given prepare to Determine if HTTP Trace is enabled.........................passed
When Try to Determine if HTTP Trace is enabled..............................passed
Then Assert the success of Determine if HTTP Trace is enabled...............passed
Then assert the consequences of the pattern.................................undefined
Then assert the consequences of the pattern audit interceptor...............skipped
Then assert the consequences of the pattern secure logger...................skipped
]]></skipped>
</testcase>
<testcase classname="CAPEC-107: Cross Site Tracing" name="Step2.1 Identify mechanism to launch HTTP Trace request" time="0.000089">
<skipped><![CDATA[Given prepare to Identify mechanism to launch HTTP Trace request............passed
When Try to Identify mechanism to launch HTTP Trace request.................passed
Then Assert the success of Identify mechanism to launch HTTP Trace request..passed
Then assert the consequences of the pattern.................................undefined
Then assert the consequences of the pattern audit interceptor...............skipped
Then assert the consequences of the pattern secure logger...................skipped
]]></skipped>
</testcase>
<testcase classname="CAPEC-107: Cross Site Tracing" name="Step3.1 Create a malicious script that pings the web server with HTTP TRACE request" time="0.000129">
<skipped><![CDATA[Given prepare to Create a malicious script that pings the web server with HTTP TRACE request.passed
When Try to Create a malicious script that pings the web server with HTTP TRACE request.passed
Then Assert the success of Create a malicious script that pings the web server with HTTP TRACE request.passed
Then assert the consequences of the pattern.................................undefined
Then assert the consequences of the pattern audit interceptor...............skipped
Then assert the consequences of the pattern secure logger...................skipped
]]></skipped>
</testcase>
<testcase classname="CAPEC-107: Cross Site Tracing" name="Step3.2 Execute malicious HTTP Trace launching script" time="0.000133">
<skipped><![CDATA[Given prepare to Execute malicious HTTP Trace launching script..............passed
When Try to Execute malicious HTTP Trace launching script...................passed
Then Assert the success of Execute malicious HTTP Trace launching script....passed
Then assert the consequences of the pattern.................................undefined
Then assert the consequences of the pattern audit interceptor...............skipped
Then assert the consequences of the pattern secure logger...................skipped
]]></skipped>
</testcase>
<testcase classname="CAPEC-108: Command Line Execution through SQL Injection" name="Step1.1 Probe for SQL Injection vulnerability" time="0.002501">
<failure message="net.continuumsecurity.proxy.ProxyException: org.zaproxy.clientapi.core.ClientApiException: java.net.ConnectException: Connection refused&#10;&#9;at net.continuumsecurity.proxy.ZAProxyScanner.validateMinimumRequiredZapVersion(ZAProxyScanner.java:96)&#10;&#9;at net.continuumsecurity.proxy.ZAProxyScanner.&lt;init&gt;(ZAProxyScanner.java:38)&#10;&#9;at steps.probeforsqlinjectionvulnerability.preprobeforsqlinjectionvulnerability(probeforsqlinjectionvulnerability.java:16)&#10;&#9;at ✽.Given prepare to Probe for SQL Injection vulnerability(CAPEC_108_Step_1_1.feature:5)&#10;Caused by: org.zaproxy.clientapi.core.ClientApiException: java.net.ConnectException: Connection refused&#10;&#9;at org.zaproxy.clientapi.core.ClientApi.callApiDom(ClientApi.java:307)&#10;&#9;at org.zaproxy.clientapi.core.ClientApi.callApi(ClientApi.java:289)&#10;&#9;at org.zaproxy.clientapi.gen.Core.version(Core.java:158)&#10;&#9;at net.continuumsecurity.proxy.ZAProxyScanner.validateMinimumRequiredZapVersion(ZAProxyScanner.java:85)&#10;&#9;at net.continuumsecurity.proxy.ZAProxyScanner.&lt;init&gt;(ZAProxyScanner.java:38)&#10;&#9;at steps.probeforsqlinjectionvulnerability.preprobeforsqlinjectionvulnerability(probeforsqlinjectionvulnerability.java:16)&#10;&#9;at sun.reflect.NativeMethodAccessorImpl.invoke0(Native Method)&#10;&#9;at sun.reflect.NativeMethodAccessorImpl.invoke(NativeMethodAccessorImpl.java:62)&#10;&#9;at sun.reflect.DelegatingMethodAccessorImpl.invoke(DelegatingMethodAccessorImpl.java:43)&#10;&#9;at java.lang.reflect.Method.invoke(Method.java:498)&#10;&#9;at cucumber.runtime.Utils$1.call(Utils.java:37)&#10;&#9;at cucumber.runtime.Timeout.timeout(Timeout.java:13)&#10;&#9;at cucumber.runtime.Utils.invoke(Utils.java:31)&#10;&#9;at cucumber.runtime.java.JavaStepDefinition.execute(JavaStepDefinition.java:37)&#10;&#9;at cucumber.runtime.StepDefinitionMatch.runStep(StepDefinitionMatch.java:37)&#10;&#9;at cucumber.runtime.Runtime.runStep(Runtime.java:298)&#10;&#9;at cucumber.runtime.model.StepContainer.runStep(StepContainer.java:44)&#10;&#9;at cucumber.runtime.model.StepContainer.runSteps(StepContainer.java:39)&#10;&#9;at cucumber.runtime.model.CucumberScenario.run(CucumberScenario.java:48)&#10;&#9;at cucumber.runtime.junit.ExecutionUnitRunner.run(ExecutionUnitRunner.java:91)&#10;&#9;at cucumber.runtime.junit.FeatureRunner.runChild(FeatureRunner.java:63)&#10;&#9;at cucumber.runtime.junit.FeatureRunner.runChild(FeatureRunner.java:18)&#10;&#9;at org.junit.runners.ParentRunner$3.run(ParentRunner.java:238)&#10;&#9;at org.junit.runners.ParentRunner$1.schedule(ParentRunner.java:63)&#10;&#9;at org.junit.runners.ParentRunner.runChildren(ParentRunner.java:236)&#10;&#9;at org.junit.runners.ParentRunner.access$000(ParentRunner.java:53)&#10;&#9;at org.junit.runners.ParentRunner$2.evaluate(ParentRunner.java:229)&#10;&#9;at org.junit.runners.ParentRunner.run(ParentRunner.java:309)&#10;&#9;at cucumber.runtime.junit.FeatureRunner.run(FeatureRunner.java:70)&#10;&#9;at cucumber.api.junit.Cucumber.runChild(Cucumber.java:93)&#10;&#9;at cucumber.api.junit.Cucumber.runChild(Cucumber.java:37)&#10;&#9;at org.junit.runners.ParentRunner$3.run(ParentRunner.java:238)&#10;&#9;at org.junit.runners.ParentRunner$1.schedule(ParentRunner.java:63)&#10;&#9;at org.junit.runners.ParentRunner.runChildren(ParentRunner.java:236)&#10;&#9;at org.junit.runners.ParentRunner.access$000(ParentRunner.java:53)&#10;&#9;at org.junit.runners.ParentRunner$2.evaluate(ParentRunner.java:229)&#10;&#9;at org.junit.internal.runners.statements.RunAfters.evaluate(RunAfters.java:27)&#10;&#9;at org.junit.runners.ParentRunner.run(ParentRunner.java:309)&#10;&#9;at cucumber.api.junit.Cucumber.run(Cucumber.java:98)&#10;&#9;at org.eclipse.jdt.internal.junit4.runner.JUnit4TestReference.run(JUnit4TestReference.java:86)&#10;&#9;at org.eclipse.jdt.internal.junit.runner.TestExecution.run(TestExecution.java:38)&#10;&#9;at org.eclipse.jdt.internal.junit.runner.RemoteTestRunner.runTests(RemoteTestRunner.java:459)&#10;&#9;at org.eclipse.jdt.internal.junit.runner.RemoteTestRunner.runTests(RemoteTestRunner.java:678)&#10;&#9;at org.eclipse.jdt.internal.junit.runner.RemoteTestRunner.run(RemoteTestRunner.java:382)&#10;&#9;at org.eclipse.jdt.internal.junit.runner.RemoteTestRunner.main(RemoteTestRunner.java:192)&#10;Caused by: java.net.ConnectException: Connection refused&#10;&#9;at java.net.PlainSocketImpl.socketConnect(Native Method)&#10;&#9;at java.net.AbstractPlainSocketImpl.doConnect(AbstractPlainSocketImpl.java:350)&#10;&#9;at java.net.AbstractPlainSocketImpl.connectToAddress(AbstractPlainSocketImpl.java:206)&#10;&#9;at java.net.AbstractPlainSocketImpl.connect(AbstractPlainSocketImpl.java:188)&#10;&#9;at java.net.Socket.connect(Socket.java:589)&#10;&#9;at java.net.Socket.connect(Socket.java:538)&#10;&#9;at sun.net.NetworkClient.doConnect(NetworkClient.java:180)&#10;&#9;at sun.net.www.http.HttpClient.openServer(HttpClient.java:432)&#10;&#9;at sun.net.www.http.HttpClient$1.run(HttpClient.java:484)&#10;&#9;at sun.net.www.http.HttpClient$1.run(HttpClient.java:482)&#10;&#9;at java.security.AccessController.doPrivileged(Native Method)&#10;&#9;at sun.net.www.http.HttpClient.privilegedOpenServer(HttpClient.java:481)&#10;&#9;at sun.net.www.http.HttpClient.openServer(HttpClient.java:522)&#10;&#9;at sun.net.www.http.HttpClient.&lt;init&gt;(HttpClient.java:211)&#10;&#9;at sun.net.www.http.HttpClient.New(HttpClient.java:308)&#10;&#9;at sun.net.www.http.HttpClient.New(HttpClient.java:326)&#10;&#9;at sun.net.www.protocol.http.HttpURLConnection.getNewHttpClient(HttpURLConnection.java:1169)&#10;&#9;at sun.net.www.protocol.http.HttpURLConnection.plainConnect0(HttpURLConnection.java:1148)&#10;&#9;at sun.net.www.protocol.http.HttpURLConnection.plainConnect(HttpURLConnection.java:999)&#10;&#9;at sun.net.www.protocol.http.HttpURLConnection.connect(HttpURLConnection.java:933)&#10;&#9;at org.zaproxy.clientapi.core.ClientApi.getConnectionInputStream(ClientApi.java:313)&#10;&#9;at org.zaproxy.clientapi.core.ClientApi.callApiDom(ClientApi.java:305)&#10;&#9;... 44 more&#10;"><![CDATA[Given prepare to Probe for SQL Injection vulnerability......................failed
When Try to Probe for SQL Injection vulnerability...........................skipped
Then Assert the success of Probe for SQL Injection vulnerability............skipped
Then assert the consequences of the pattern application firewall............skipped
Then assert the consequences of the pattern input guard.....................skipped
Then assert the consequences of the pattern secure logger...................skipped

StackTrace:
net.continuumsecurity.proxy.ProxyException: org.zaproxy.clientapi.core.ClientApiException: java.net.ConnectException: Connection refused
	at net.continuumsecurity.proxy.ZAProxyScanner.validateMinimumRequiredZapVersion(ZAProxyScanner.java:96)
	at net.continuumsecurity.proxy.ZAProxyScanner.<init>(ZAProxyScanner.java:38)
	at steps.probeforsqlinjectionvulnerability.preprobeforsqlinjectionvulnerability(probeforsqlinjectionvulnerability.java:16)
	at ✽.Given prepare to Probe for SQL Injection vulnerability(CAPEC_108_Step_1_1.feature:5)
Caused by: org.zaproxy.clientapi.core.ClientApiException: java.net.ConnectException: Connection refused
	at org.zaproxy.clientapi.core.ClientApi.callApiDom(ClientApi.java:307)
	at org.zaproxy.clientapi.core.ClientApi.callApi(ClientApi.java:289)
	at org.zaproxy.clientapi.gen.Core.version(Core.java:158)
	at net.continuumsecurity.proxy.ZAProxyScanner.validateMinimumRequiredZapVersion(ZAProxyScanner.java:85)
	at net.continuumsecurity.proxy.ZAProxyScanner.<init>(ZAProxyScanner.java:38)
	at steps.probeforsqlinjectionvulnerability.preprobeforsqlinjectionvulnerability(probeforsqlinjectionvulnerability.java:16)
	at sun.reflect.NativeMethodAccessorImpl.invoke0(Native Method)
	at sun.reflect.NativeMethodAccessorImpl.invoke(NativeMethodAccessorImpl.java:62)
	at sun.reflect.DelegatingMethodAccessorImpl.invoke(DelegatingMethodAccessorImpl.java:43)
	at java.lang.reflect.Method.invoke(Method.java:498)
	at cucumber.runtime.Utils$1.call(Utils.java:37)
	at cucumber.runtime.Timeout.timeout(Timeout.java:13)
	at cucumber.runtime.Utils.invoke(Utils.java:31)
	at cucumber.runtime.java.JavaStepDefinition.execute(JavaStepDefinition.java:37)
	at cucumber.runtime.StepDefinitionMatch.runStep(StepDefinitionMatch.java:37)
	at cucumber.runtime.Runtime.runStep(Runtime.java:298)
	at cucumber.runtime.model.StepContainer.runStep(StepContainer.java:44)
	at cucumber.runtime.model.StepContainer.runSteps(StepContainer.java:39)
	at cucumber.runtime.model.CucumberScenario.run(CucumberScenario.java:48)
	at cucumber.runtime.junit.ExecutionUnitRunner.run(ExecutionUnitRunner.java:91)
	at cucumber.runtime.junit.FeatureRunner.runChild(FeatureRunner.java:63)
	at cucumber.runtime.junit.FeatureRunner.runChild(FeatureRunner.java:18)
	at org.junit.runners.ParentRunner$3.run(ParentRunner.java:238)
	at org.junit.runners.ParentRunner$1.schedule(ParentRunner.java:63)
	at org.junit.runners.ParentRunner.runChildren(ParentRunner.java:236)
	at org.junit.runners.ParentRunner.access$000(ParentRunner.java:53)
	at org.junit.runners.ParentRunner$2.evaluate(ParentRunner.java:229)
	at org.junit.runners.ParentRunner.run(ParentRunner.java:309)
	at cucumber.runtime.junit.FeatureRunner.run(FeatureRunner.java:70)
	at cucumber.api.junit.Cucumber.runChild(Cucumber.java:93)
	at cucumber.api.junit.Cucumber.runChild(Cucumber.java:37)
	at org.junit.runners.ParentRunner$3.run(ParentRunner.java:238)
	at org.junit.runners.ParentRunner$1.schedule(ParentRunner.java:63)
	at org.junit.runners.ParentRunner.runChildren(ParentRunner.java:236)
	at org.junit.runners.ParentRunner.access$000(ParentRunner.java:53)
	at org.junit.runners.ParentRunner$2.evaluate(ParentRunner.java:229)
	at org.junit.internal.runners.statements.RunAfters.evaluate(RunAfters.java:27)
	at org.junit.runners.ParentRunner.run(ParentRunner.java:309)
	at cucumber.api.junit.Cucumber.run(Cucumber.java:98)
	at org.eclipse.jdt.internal.junit4.runner.JUnit4TestReference.run(JUnit4TestReference.java:86)
	at org.eclipse.jdt.internal.junit.runner.TestExecution.run(TestExecution.java:38)
	at org.eclipse.jdt.internal.junit.runner.RemoteTestRunner.runTests(RemoteTestRunner.java:459)
	at org.eclipse.jdt.internal.junit.runner.RemoteTestRunner.runTests(RemoteTestRunner.java:678)
	at org.eclipse.jdt.internal.junit.runner.RemoteTestRunner.run(RemoteTestRunner.java:382)
	at org.eclipse.jdt.internal.junit.runner.RemoteTestRunner.main(RemoteTestRunner.java:192)
Caused by: java.net.ConnectException: Connection refused
	at java.net.PlainSocketImpl.socketConnect(Native Method)
	at java.net.AbstractPlainSocketImpl.doConnect(AbstractPlainSocketImpl.java:350)
	at java.net.AbstractPlainSocketImpl.connectToAddress(AbstractPlainSocketImpl.java:206)
	at java.net.AbstractPlainSocketImpl.connect(AbstractPlainSocketImpl.java:188)
	at java.net.Socket.connect(Socket.java:589)
	at java.net.Socket.connect(Socket.java:538)
	at sun.net.NetworkClient.doConnect(NetworkClient.java:180)
	at sun.net.www.http.HttpClient.openServer(HttpClient.java:432)
	at sun.net.www.http.HttpClient$1.run(HttpClient.java:484)
	at sun.net.www.http.HttpClient$1.run(HttpClient.java:482)
	at java.security.AccessController.doPrivileged(Native Method)
	at sun.net.www.http.HttpClient.privilegedOpenServer(HttpClient.java:481)
	at sun.net.www.http.HttpClient.openServer(HttpClient.java:522)
	at sun.net.www.http.HttpClient.<init>(HttpClient.java:211)
	at sun.net.www.http.HttpClient.New(HttpClient.java:308)
	at sun.net.www.http.HttpClient.New(HttpClient.java:326)
	at sun.net.www.protocol.http.HttpURLConnection.getNewHttpClient(HttpURLConnection.java:1169)
	at sun.net.www.protocol.http.HttpURLConnection.plainConnect0(HttpURLConnection.java:1148)
	at sun.net.www.protocol.http.HttpURLConnection.plainConnect(HttpURLConnection.java:999)
	at sun.net.www.protocol.http.HttpURLConnection.connect(HttpURLConnection.java:933)
	at org.zaproxy.clientapi.core.ClientApi.getConnectionInputStream(ClientApi.java:313)
	at org.zaproxy.clientapi.core.ClientApi.callApiDom(ClientApi.java:305)
	... 44 more
]]></failure>
</testcase>
<testcase classname="CAPEC-108: Command Line Execution through SQL Injection" name="Step2.1 Achieve arbitrary command execution through SQL Injection with the MSSQL_xp_cmdshell directive" time="0.000145">
<system-out><![CDATA[Given prepare to Achieve arbitrary command execution through SQL Injection with the MSSQL_xp_cmdshell directive.passed
When Try to Achieve arbitrary command execution through SQL Injection with the MSSQL_xp_cmdshell directive.passed
Then Assert the success of Achieve arbitrary command execution through SQL Injection with the MSSQL_xp_cmdshell directive.passed
Then assert the consequences of the pattern secure logger...................passed
Then assert the consequences of the pattern application firewall............passed
Then assert the consequences of the pattern input guard.....................passed
]]></system-out>
</testcase>
<testcase classname="CAPEC-108: Command Line Execution through SQL Injection" name="Step2.2 Inject malicious data in the database" time="0.000105">
<system-out><![CDATA[Given prepare to Inject malicious data in the database......................passed
When Try to Inject malicious data in the database...........................passed
Then Assert the success of Inject malicious data in the database............passed
Then assert the consequences of the pattern application firewall............passed
Then assert the consequences of the pattern input guard.....................passed
Then assert the consequences of the pattern secure logger...................passed
]]></system-out>
</testcase>
<testcase classname="CAPEC-108: Command Line Execution through SQL Injection" name="Step2.3 Trigger command line execution with injected arguments" time="0.000125">
<skipped><![CDATA[Given prepare to Trigger command line execution with injected arguments.....passed
When Try to Trigger command line execution with injected arguments..........passed
Then Assert the success of Trigger command line execution with injected arguments.passed
Then assert the consequences of the pattern.................................undefined
Then assert the consequences of the pattern audit interceptor...............skipped
Then assert the consequences of the pattern secure logger...................skipped
]]></skipped>
</testcase>
<testcase classname="CAPEC-109: Object Relational Mapping Injection" name="Step1.1 Determine Persistence Framework Used" time="0.000143">
<skipped><![CDATA[Given prepare to Determine Persistence Framework Used.......................passed
When Try to Determine Persistence Framework Used............................passed
Then Assert the success of Determine Persistence Framework Used.............passed
Then assert the consequences of the pattern.................................undefined
Then assert the consequences of the pattern audit interceptor...............skipped
Then assert the consequences of the pattern secure logger...................skipped
]]></skipped>
</testcase>
<testcase classname="CAPEC-109: Object Relational Mapping Injection" name="Step1.2 Probe for ORM Injection vulnerabilities" time="0.000099">
<skipped><![CDATA[Given prepare to Probe for ORM Injection vulnerabilities....................passed
When Try to Probe for ORM Injection vulnerabilities.........................passed
Then Assert the success of Probe for ORM Injection vulnerabilities..........passed
Then assert the consequences of the pattern.................................undefined
Then assert the consequences of the pattern audit interceptor...............skipped
Then assert the consequences of the pattern secure logger...................skipped
]]></skipped>
</testcase>
<testcase classname="CAPEC-109: Object Relational Mapping Injection" name="Step2.1 Perform SQL Injection through the generated data access layer" time="0.000072">
<skipped><![CDATA[Given prepare to Perform SQL Injection through the generated data access layer.passed
When Try to Perform SQL Injection through the generated data access layer...passed
Then Assert the success of Perform SQL Injection through the generated data access layer.passed
Then assert the consequences of the pattern.................................undefined
Then assert the consequences of the pattern audit interceptor...............skipped
Then assert the consequences of the pattern secure logger...................skipped
]]></skipped>
</testcase>
<testcase classname="CAPEC-10: Buffer Overflow via Environment Variables" name="Step1.1" time="0">
<skipped><![CDATA[Given prepare to............................................................undefined
When Try to.................................................................undefined
Then Assert the success of..................................................undefined
Then assert the consequences of the pattern.................................undefined
Then assert the consequences of the pattern audit interceptor...............skipped
Then assert the consequences of the pattern secure logger...................skipped
]]></skipped>
</testcase>
<testcase classname="CAPEC-10: Buffer Overflow via Environment Variables" name="Step2.1" time="0">
<skipped><![CDATA[Given prepare to............................................................undefined
When Try to.................................................................undefined
Then Assert the success of..................................................undefined
Then assert the consequences of the pattern.................................undefined
Then assert the consequences of the pattern audit interceptor...............skipped
Then assert the consequences of the pattern secure logger...................skipped
]]></skipped>
</testcase>
<testcase classname="CAPEC-10: Buffer Overflow via Environment Variables" name="Step3.1" time="0">
<skipped><![CDATA[Given prepare to............................................................undefined
When Try to.................................................................undefined
Then Assert the success of..................................................undefined
Then assert the consequences of the pattern.................................undefined
Then assert the consequences of the pattern audit interceptor...............skipped
Then assert the consequences of the pattern secure logger...................skipped
]]></skipped>
</testcase>
<testcase classname="CAPEC-110: SQL Injection through SOAP Parameter Tampering" name="Step1.1 Detect Incorrect SOAP Parameter Handling" time="0.000074">
<skipped><![CDATA[Given prepare to Detect Incorrect SOAP Parameter Handling...................passed
When Try to Detect Incorrect SOAP Parameter Handling........................passed
Then Assert the success of Detect Incorrect SOAP Parameter Handling.........passed
Then assert the consequences of the pattern.................................undefined
Then assert the consequences of the pattern audit interceptor...............skipped
Then assert the consequences of the pattern secure logger...................skipped
]]></skipped>
</testcase>
<testcase classname="CAPEC-110: SQL Injection through SOAP Parameter Tampering" name="Step2.1 Probe for SQL Injection vulnerability" time="0.001862">
<failure message="net.continuumsecurity.proxy.ProxyException: org.zaproxy.clientapi.core.ClientApiException: java.net.ConnectException: Connection refused&#10;&#9;at net.continuumsecurity.proxy.ZAProxyScanner.validateMinimumRequiredZapVersion(ZAProxyScanner.java:96)&#10;&#9;at net.continuumsecurity.proxy.ZAProxyScanner.&lt;init&gt;(ZAProxyScanner.java:38)&#10;&#9;at steps.probeforsqlinjectionvulnerability.preprobeforsqlinjectionvulnerability(probeforsqlinjectionvulnerability.java:16)&#10;&#9;at ✽.Given prepare to Probe for SQL Injection vulnerability(CAPEC_110_Step_2_1.feature:5)&#10;Caused by: org.zaproxy.clientapi.core.ClientApiException: java.net.ConnectException: Connection refused&#10;&#9;at org.zaproxy.clientapi.core.ClientApi.callApiDom(ClientApi.java:307)&#10;&#9;at org.zaproxy.clientapi.core.ClientApi.callApi(ClientApi.java:289)&#10;&#9;at org.zaproxy.clientapi.gen.Core.version(Core.java:158)&#10;&#9;at net.continuumsecurity.proxy.ZAProxyScanner.validateMinimumRequiredZapVersion(ZAProxyScanner.java:85)&#10;&#9;at net.continuumsecurity.proxy.ZAProxyScanner.&lt;init&gt;(ZAProxyScanner.java:38)&#10;&#9;at steps.probeforsqlinjectionvulnerability.preprobeforsqlinjectionvulnerability(probeforsqlinjectionvulnerability.java:16)&#10;&#9;at sun.reflect.NativeMethodAccessorImpl.invoke0(Native Method)&#10;&#9;at sun.reflect.NativeMethodAccessorImpl.invoke(NativeMethodAccessorImpl.java:62)&#10;&#9;at sun.reflect.DelegatingMethodAccessorImpl.invoke(DelegatingMethodAccessorImpl.java:43)&#10;&#9;at java.lang.reflect.Method.invoke(Method.java:498)&#10;&#9;at cucumber.runtime.Utils$1.call(Utils.java:37)&#10;&#9;at cucumber.runtime.Timeout.timeout(Timeout.java:13)&#10;&#9;at cucumber.runtime.Utils.invoke(Utils.java:31)&#10;&#9;at cucumber.runtime.java.JavaStepDefinition.execute(JavaStepDefinition.java:37)&#10;&#9;at cucumber.runtime.StepDefinitionMatch.runStep(StepDefinitionMatch.java:37)&#10;&#9;at cucumber.runtime.Runtime.runStep(Runtime.java:298)&#10;&#9;at cucumber.runtime.model.StepContainer.runStep(StepContainer.java:44)&#10;&#9;at cucumber.runtime.model.StepContainer.runSteps(StepContainer.java:39)&#10;&#9;at cucumber.runtime.model.CucumberScenario.run(CucumberScenario.java:48)&#10;&#9;at cucumber.runtime.junit.ExecutionUnitRunner.run(ExecutionUnitRunner.java:91)&#10;&#9;at cucumber.runtime.junit.FeatureRunner.runChild(FeatureRunner.java:63)&#10;&#9;at cucumber.runtime.junit.FeatureRunner.runChild(FeatureRunner.java:18)&#10;&#9;at org.junit.runners.ParentRunner$3.run(ParentRunner.java:238)&#10;&#9;at org.junit.runners.ParentRunner$1.schedule(ParentRunner.java:63)&#10;&#9;at org.junit.runners.ParentRunner.runChildren(ParentRunner.java:236)&#10;&#9;at org.junit.runners.ParentRunner.access$000(ParentRunner.java:53)&#10;&#9;at org.junit.runners.ParentRunner$2.evaluate(ParentRunner.java:229)&#10;&#9;at org.junit.runners.ParentRunner.run(ParentRunner.java:309)&#10;&#9;at cucumber.runtime.junit.FeatureRunner.run(FeatureRunner.java:70)&#10;&#9;at cucumber.api.junit.Cucumber.runChild(Cucumber.java:93)&#10;&#9;at cucumber.api.junit.Cucumber.runChild(Cucumber.java:37)&#10;&#9;at org.junit.runners.ParentRunner$3.run(ParentRunner.java:238)&#10;&#9;at org.junit.runners.ParentRunner$1.schedule(ParentRunner.java:63)&#10;&#9;at org.junit.runners.ParentRunner.runChildren(ParentRunner.java:236)&#10;&#9;at org.junit.runners.ParentRunner.access$000(ParentRunner.java:53)&#10;&#9;at org.junit.runners.ParentRunner$2.evaluate(ParentRunner.java:229)&#10;&#9;at org.junit.internal.runners.statements.RunAfters.evaluate(RunAfters.java:27)&#10;&#9;at org.junit.runners.ParentRunner.run(ParentRunner.java:309)&#10;&#9;at cucumber.api.junit.Cucumber.run(Cucumber.java:98)&#10;&#9;at org.eclipse.jdt.internal.junit4.runner.JUnit4TestReference.run(JUnit4TestReference.java:86)&#10;&#9;at org.eclipse.jdt.internal.junit.runner.TestExecution.run(TestExecution.java:38)&#10;&#9;at org.eclipse.jdt.internal.junit.runner.RemoteTestRunner.runTests(RemoteTestRunner.java:459)&#10;&#9;at org.eclipse.jdt.internal.junit.runner.RemoteTestRunner.runTests(RemoteTestRunner.java:678)&#10;&#9;at org.eclipse.jdt.internal.junit.runner.RemoteTestRunner.run(RemoteTestRunner.java:382)&#10;&#9;at org.eclipse.jdt.internal.junit.runner.RemoteTestRunner.main(RemoteTestRunner.java:192)&#10;Caused by: java.net.ConnectException: Connection refused&#10;&#9;at java.net.PlainSocketImpl.socketConnect(Native Method)&#10;&#9;at java.net.AbstractPlainSocketImpl.doConnect(AbstractPlainSocketImpl.java:350)&#10;&#9;at java.net.AbstractPlainSocketImpl.connectToAddress(AbstractPlainSocketImpl.java:206)&#10;&#9;at java.net.AbstractPlainSocketImpl.connect(AbstractPlainSocketImpl.java:188)&#10;&#9;at java.net.Socket.connect(Socket.java:589)&#10;&#9;at java.net.Socket.connect(Socket.java:538)&#10;&#9;at sun.net.NetworkClient.doConnect(NetworkClient.java:180)&#10;&#9;at sun.net.www.http.HttpClient.openServer(HttpClient.java:432)&#10;&#9;at sun.net.www.http.HttpClient$1.run(HttpClient.java:484)&#10;&#9;at sun.net.www.http.HttpClient$1.run(HttpClient.java:482)&#10;&#9;at java.security.AccessController.doPrivileged(Native Method)&#10;&#9;at sun.net.www.http.HttpClient.privilegedOpenServer(HttpClient.java:481)&#10;&#9;at sun.net.www.http.HttpClient.openServer(HttpClient.java:522)&#10;&#9;at sun.net.www.http.HttpClient.&lt;init&gt;(HttpClient.java:211)&#10;&#9;at sun.net.www.http.HttpClient.New(HttpClient.java:308)&#10;&#9;at sun.net.www.http.HttpClient.New(HttpClient.java:326)&#10;&#9;at sun.net.www.protocol.http.HttpURLConnection.getNewHttpClient(HttpURLConnection.java:1169)&#10;&#9;at sun.net.www.protocol.http.HttpURLConnection.plainConnect0(HttpURLConnection.java:1148)&#10;&#9;at sun.net.www.protocol.http.HttpURLConnection.plainConnect(HttpURLConnection.java:999)&#10;&#9;at sun.net.www.protocol.http.HttpURLConnection.connect(HttpURLConnection.java:933)&#10;&#9;at org.zaproxy.clientapi.core.ClientApi.getConnectionInputStream(ClientApi.java:313)&#10;&#9;at org.zaproxy.clientapi.core.ClientApi.callApiDom(ClientApi.java:305)&#10;&#9;... 44 more&#10;"><![CDATA[Given prepare to Probe for SQL Injection vulnerability......................failed
When Try to Probe for SQL Injection vulnerability...........................skipped
Then Assert the success of Probe for SQL Injection vulnerability............skipped
Then assert the consequences of the pattern application firewall............skipped
Then assert the consequences of the pattern input guard.....................skipped
Then assert the consequences of the pattern secure logger...................skipped

StackTrace:
net.continuumsecurity.proxy.ProxyException: org.zaproxy.clientapi.core.ClientApiException: java.net.ConnectException: Connection refused
	at net.continuumsecurity.proxy.ZAProxyScanner.validateMinimumRequiredZapVersion(ZAProxyScanner.java:96)
	at net.continuumsecurity.proxy.ZAProxyScanner.<init>(ZAProxyScanner.java:38)
	at steps.probeforsqlinjectionvulnerability.preprobeforsqlinjectionvulnerability(probeforsqlinjectionvulnerability.java:16)
	at ✽.Given prepare to Probe for SQL Injection vulnerability(CAPEC_110_Step_2_1.feature:5)
Caused by: org.zaproxy.clientapi.core.ClientApiException: java.net.ConnectException: Connection refused
	at org.zaproxy.clientapi.core.ClientApi.callApiDom(ClientApi.java:307)
	at org.zaproxy.clientapi.core.ClientApi.callApi(ClientApi.java:289)
	at org.zaproxy.clientapi.gen.Core.version(Core.java:158)
	at net.continuumsecurity.proxy.ZAProxyScanner.validateMinimumRequiredZapVersion(ZAProxyScanner.java:85)
	at net.continuumsecurity.proxy.ZAProxyScanner.<init>(ZAProxyScanner.java:38)
	at steps.probeforsqlinjectionvulnerability.preprobeforsqlinjectionvulnerability(probeforsqlinjectionvulnerability.java:16)
	at sun.reflect.NativeMethodAccessorImpl.invoke0(Native Method)
	at sun.reflect.NativeMethodAccessorImpl.invoke(NativeMethodAccessorImpl.java:62)
	at sun.reflect.DelegatingMethodAccessorImpl.invoke(DelegatingMethodAccessorImpl.java:43)
	at java.lang.reflect.Method.invoke(Method.java:498)
	at cucumber.runtime.Utils$1.call(Utils.java:37)
	at cucumber.runtime.Timeout.timeout(Timeout.java:13)
	at cucumber.runtime.Utils.invoke(Utils.java:31)
	at cucumber.runtime.java.JavaStepDefinition.execute(JavaStepDefinition.java:37)
	at cucumber.runtime.StepDefinitionMatch.runStep(StepDefinitionMatch.java:37)
	at cucumber.runtime.Runtime.runStep(Runtime.java:298)
	at cucumber.runtime.model.StepContainer.runStep(StepContainer.java:44)
	at cucumber.runtime.model.StepContainer.runSteps(StepContainer.java:39)
	at cucumber.runtime.model.CucumberScenario.run(CucumberScenario.java:48)
	at cucumber.runtime.junit.ExecutionUnitRunner.run(ExecutionUnitRunner.java:91)
	at cucumber.runtime.junit.FeatureRunner.runChild(FeatureRunner.java:63)
	at cucumber.runtime.junit.FeatureRunner.runChild(FeatureRunner.java:18)
	at org.junit.runners.ParentRunner$3.run(ParentRunner.java:238)
	at org.junit.runners.ParentRunner$1.schedule(ParentRunner.java:63)
	at org.junit.runners.ParentRunner.runChildren(ParentRunner.java:236)
	at org.junit.runners.ParentRunner.access$000(ParentRunner.java:53)
	at org.junit.runners.ParentRunner$2.evaluate(ParentRunner.java:229)
	at org.junit.runners.ParentRunner.run(ParentRunner.java:309)
	at cucumber.runtime.junit.FeatureRunner.run(FeatureRunner.java:70)
	at cucumber.api.junit.Cucumber.runChild(Cucumber.java:93)
	at cucumber.api.junit.Cucumber.runChild(Cucumber.java:37)
[...]
	at org.junit.runners.ParentRunner$2.evaluate(ParentRunner.java:229)
	at org.junit.internal.runners.statements.RunAfters.evaluate(RunAfters.java:27)
	at org.junit.runners.ParentRunner.run(ParentRunner.java:309)
	at cucumber.api.junit.Cucumber.run(Cucumber.java:98)
	at org.eclipse.jdt.internal.junit4.runner.JUnit4TestReference.run(JUnit4TestReference.java:86)
	at org.eclipse.jdt.internal.junit.runner.TestExecution.run(TestExecution.java:38)
	at org.eclipse.jdt.internal.junit.runner.RemoteTestRunner.runTests(RemoteTestRunner.java:459)
	at org.eclipse.jdt.internal.junit.runner.RemoteTestRunner.runTests(RemoteTestRunner.java:678)
	at org.eclipse.jdt.internal.junit.runner.RemoteTestRunner.run(RemoteTestRunner.java:382)
	at org.eclipse.jdt.internal.junit.runner.RemoteTestRunner.main(RemoteTestRunner.java:192)
Caused by: java.net.ConnectException: Connection refused
	at java.net.PlainSocketImpl.socketConnect(Native Method)
	at java.net.AbstractPlainSocketImpl.doConnect(AbstractPlainSocketImpl.java:350)
	at java.net.AbstractPlainSocketImpl.connectToAddress(AbstractPlainSocketImpl.java:206)
	at java.net.AbstractPlainSocketImpl.connect(AbstractPlainSocketImpl.java:188)
	at java.net.Socket.connect(Socket.java:589)
	at java.net.Socket.connect(Socket.java:538)
	at sun.net.NetworkClient.doConnect(NetworkClient.java:180)
	at sun.net.www.http.HttpClient.openServer(HttpClient.java:432)
	at sun.net.www.http.HttpClient$1.run(HttpClient.java:484)
	at sun.net.www.http.HttpClient$1.run(HttpClient.java:482)
	at java.security.AccessController.doPrivileged(Native Method)
	at sun.net.www.http.HttpClient.privilegedOpenServer(HttpClient.java:481)
	at sun.net.www.http.HttpClient.openServer(HttpClient.java:522)
	at sun.net.www.http.HttpClient.<init>(HttpClient.java:211)
	at sun.net.www.http.HttpClient.New(HttpClient.java:308)
	at sun.net.www.http.HttpClient.New(HttpClient.java:326)
	at sun.net.www.protocol.http.HttpURLConnection.getNewHttpClient(HttpURLConnection.java:1169)
	at sun.net.www.protocol.http.HttpURLConnection.plainConnect0(HttpURLConnection.java:1148)
	at sun.net.www.protocol.http.HttpURLConnection.plainConnect(HttpURLConnection.java:999)
	at sun.net.www.protocol.http.HttpURLConnection.connect(HttpURLConnection.java:933)
	at org.zaproxy.clientapi.core.ClientApi.getConnectionInputStream(ClientApi.java:313)
	at org.zaproxy.clientapi.core.ClientApi.callApiDom(ClientApi.java:305)
	... 44 more
]]></failure>
</testcase>
<testcase classname="CAPEC-91: XSS in IMG Tags" name="Step3.1 Steal session IDs, credentials, page content, etc." time="0.000074">
<system-out><![CDATA[Given prepare to Steal session IDs, credentials, page content, etc..........passed
When Try to Steal session IDs, credentials, page content, etc...............passed
Then Assert the success of Steal session IDs, credentials, page content, etc..passed
Then assert the consequences of the pattern audit interceptor...............passed
Then assert the consequences of the pattern secure logger...................passed
Then assert the consequences of the pattern application firewall............passed
Then assert the consequences of the pattern input guard.....................passed
Then assert the consequences of the pattern output guard....................passed
Then assert the consequences of the pattern comparator checked fault tolerant system.passed
]]></system-out>
</testcase>
<testcase classname="CAPEC-91: XSS in IMG Tags" name="Step3.2 Forceful browsing" time="0.000067">
<system-out><![CDATA[Given prepare to Forceful browsing..........................................passed
When Try to Forceful browsing...............................................passed
Then Assert the success of Forceful browsing................................passed
Then assert the consequences of the pattern audit interceptor...............passed
Then assert the consequences of the pattern secure logger...................passed
Then assert the consequences of the pattern application firewall............passed
Then assert the consequences of the pattern input guard.....................passed
Then assert the consequences of the pattern output guard....................passed
Then assert the consequences of the pattern comparator checked fault tolerant system.passed
]]></system-out>
</testcase>
<testcase classname="CAPEC-91: XSS in IMG Tags" name="Step3.3 Content spoofing" time="0.000054">
<system-out><![CDATA[Given prepare to Content spoofing...........................................passed
When Try to Content spoofing................................................passed
Then Assert the success of Content spoofing.................................passed
Then assert the consequences of the pattern audit interceptor...............passed
Then assert the consequences of the pattern secure logger...................passed
Then assert the consequences of the pattern application firewall............passed
Then assert the consequences of the pattern input guard.....................passed
Then assert the consequences of the pattern output guard....................passed
Then assert the consequences of the pattern comparator checked fault tolerant system.passed
]]></system-out>
</testcase>
<testcase classname="CAPEC-92: Forced Integer Overflow" name="Step1.1" time="0">
<skipped><![CDATA[Given prepare to............................................................undefined
When Try to.................................................................undefined
Then Assert the success of..................................................undefined
Then assert the consequences of the pattern.................................undefined
Then assert the consequences of the pattern audit interceptor...............skipped
Then assert the consequences of the pattern secure logger...................skipped
]]></skipped>
</testcase>
<testcase classname="CAPEC-92: Forced Integer Overflow" name="Step2.1" time="0">
<skipped><![CDATA[Given prepare to............................................................undefined
When Try to.................................................................undefined
Then Assert the success of..................................................undefined
Then assert the consequences of the pattern.................................undefined
Then assert the consequences of the pattern audit interceptor...............skipped
Then assert the consequences of the pattern secure logger...................skipped
]]></skipped>
</testcase>
<testcase classname="CAPEC-92: Forced Integer Overflow" name="Step3.1" time="0">
<skipped><![CDATA[Given prepare to............................................................undefined
When Try to.................................................................undefined
Then Assert the success of..................................................undefined
Then assert the consequences of the pattern.................................undefined
Then assert the consequences of the pattern audit interceptor...............skipped
Then assert the consequences of the pattern secure logger...................skipped
]]></skipped>
</testcase>
<testcase classname="CAPEC-93: Log Injection-Tampering-Forging" name="Step1.1 Determine Application's Log File Format" time="0.00006">
<skipped><![CDATA[Given prepare to Determine Application's Log File Format....................passed
When Try to Determine Application's Log File Format.........................passed
Then Assert the success of Determine Application's Log File Format..........passed
Then assert the consequences of the pattern.................................undefined
Then assert the consequences of the pattern audit interceptor...............skipped
Then assert the consequences of the pattern secure logger...................skipped
]]></skipped>
</testcase>
<testcase classname="CAPEC-93: Log Injection-Tampering-Forging" name="Step2.1 Manipulate Log Files" time="0.000061">
<system-out><![CDATA[Given prepare to Manipulate Log Files.......................................passed
When Try to Manipulate Log Files............................................passed
Then Assert the success of Manipulate Log Files.............................passed
Then assert the consequences of the pattern secure logger...................passed
Then assert the consequences of the pattern application firewall............passed
Then assert the consequences of the pattern input guard.....................passed
Then assert the consequences of the pattern pathname canonicalization.......passed
Then assert the consequences of the pattern output guard....................passed
Then assert the consequences of the pattern comparator checked fault tolerant system.passed
]]></system-out>
</testcase>
<testcase classname="CAPEC-94: Man in the Middle Attack" name="Step1.1" time="0">
<skipped><![CDATA[Given prepare to............................................................undefined
When Try to.................................................................undefined
Then Assert the success of..................................................undefined
Then assert the consequences of the pattern.................................undefined
Then assert the consequences of the pattern audit interceptor...............skipped
Then assert the consequences of the pattern secure logger...................skipped
]]></skipped>
</testcase>
<testcase classname="CAPEC-94: Man in the Middle Attack" name="Step3.1" time="0">
<skipped><![CDATA[Given prepare to............................................................undefined
When Try to.................................................................undefined
Then Assert the success of..................................................undefined
Then assert the consequences of the pattern.................................undefined
Then assert the consequences of the pattern audit interceptor...............skipped
Then assert the consequences of the pattern secure logger...................skipped
]]></skipped>
</testcase>
<testcase classname="CAPEC-95: WSDL Scanning" name="Step1.1" time="0">
<skipped><![CDATA[Given prepare to............................................................undefined
When Try to.................................................................undefined
Then Assert the success of..................................................undefined
Then assert the consequences of the pattern.................................undefined
Then assert the consequences of the pattern audit interceptor...............skipped
Then assert the consequences of the pattern secure logger...................skipped
]]></skipped>
</testcase>
<testcase classname="CAPEC-95: WSDL Scanning" name="Step2.1" time="0">
<skipped><![CDATA[Given prepare to............................................................undefined
When Try to.................................................................undefined
Then Assert the success of..................................................undefined
Then assert the consequences of the pattern.................................undefined
Then assert the consequences of the pattern audit interceptor...............skipped
Then assert the consequences of the pattern secure logger...................skipped
]]></skipped>
</testcase>
<testcase classname="CAPEC-95: WSDL Scanning" name="Step3.1" time="0">
<skipped><![CDATA[Given prepare to............................................................undefined
When Try to.................................................................undefined
Then Assert the success of..................................................undefined
Then assert the consequences of the pattern.................................undefined
Then assert the consequences of the pattern audit interceptor...............skipped
Then assert the consequences of the pattern secure logger...................skipped
]]></skipped>
</testcase>
<testcase classname="CAPEC-96: Block Access to Libraries" name="Step1.1" time="0">
<skipped><![CDATA[Given prepare to............................................................undefined
When Try to.................................................................undefined
Then Assert the success of..................................................undefined
Then assert the consequences of the pattern.................................undefined
Then assert the consequences of the pattern audit interceptor...............skipped
Then assert the consequences of the pattern secure logger...................skipped
]]></skipped>
</testcase>
<testcase classname="CAPEC-96: Block Access to Libraries" name="Step2.1" time="0">
<skipped><![CDATA[Given prepare to............................................................undefined
When Try to.................................................................undefined
Then Assert the success of..................................................undefined
Then assert the consequences of the pattern.................................undefined
Then assert the consequences of the pattern audit interceptor...............skipped
Then assert the consequences of the pattern secure logger...................skipped
]]></skipped>
</testcase>
<testcase classname="CAPEC-97: Cryptanalysis" name="Step1.1" time="0">
<skipped><![CDATA[Given prepare to............................................................undefined
When Try to.................................................................undefined
Then Assert the success of..................................................undefined
Then assert the consequences of the pattern.................................undefined
Then assert the consequences of the pattern audit interceptor...............skipped
Then assert the consequences of the pattern secure logger...................skipped
]]></skipped>
</testcase>
<testcase classname="CAPEC-97: Cryptanalysis" name="Step2.1" time="0">
<skipped><![CDATA[Given prepare to............................................................undefined
When Try to.................................................................undefined
Then Assert the success of..................................................undefined
Then assert the consequences of the pattern.................................undefined
Then assert the consequences of the pattern audit interceptor...............skipped
Then assert the consequences of the pattern secure logger...................skipped
]]></skipped>
</testcase>
<testcase classname="CAPEC-98: Phishing" name="Step1.1 Obtain domain name and certificate to spoof legitimate site" time="0.000099">
<skipped><![CDATA[Given prepare to Obtain domain name and certificate to spoof legitimate site.passed
When Try to Obtain domain name and certificate to spoof legitimate site.....passed
Then Assert the success of Obtain domain name and certificate to spoof legitimate site.passed
Then assert the consequences of the pattern.................................undefined
]]></skipped>
</testcase>
<testcase classname="CAPEC-98: Phishing" name="Step1.2 Explore legitimate website and create duplicate" time="0.000098">
<skipped><![CDATA[Given prepare to Explore legitimate website and create duplicate............passed
When Try to Explore legitimate website and create duplicate.................passed
Then Assert the success of Explore legitimate website and create duplicate..passed
Then assert the consequences of the pattern.................................undefined
Then assert the consequences of the pattern audit interceptor...............skipped
Then assert the consequences of the pattern secure logger...................skipped
]]></skipped>
</testcase>
<testcase classname="CAPEC-98: Phishing" name="Step2.1 Convince user to enter sensitive information on attacker's site." time="0.00005">
<system-out><![CDATA[Given prepare to Convince user to enter sensitive information on attacker's site..passed
When Try to Convince user to enter sensitive information on attacker's site..passed
Then Assert the success of Convince user to enter sensitive information on attacker's site..passed
Then assert the consequences of the pattern secure logger...................passed
]]></system-out>
</testcase>
<testcase classname="CAPEC-98: Phishing" name="Step2.2 Use stolen credentials to log into legitimate site" time="0.00002">
<skipped><![CDATA[Given prepare to Use stolen credentials to log into legitimate site.........passed
When Try to Use stolen credentials to log into legitimate site..............passed
Then Assert the success of Use stolen credentials to log into legitimate site.passed
Then assert the consequences of the pattern.................................undefined
Then assert the consequences of the pattern secure logger...................skipped
]]></skipped>
</testcase>
<testcase classname="CAPEC-99: XML Parser Attack" name="Step1.1" time="0">
<skipped><![CDATA[Given prepare to............................................................undefined
When Try to.................................................................undefined
Then Assert the success of..................................................undefined
Then assert the consequences of the pattern.................................undefined
Then assert the consequences of the pattern audit interceptor...............skipped
Then assert the consequences of the pattern secure logger...................skipped
]]></skipped>
</testcase>
<testcase classname="CAPEC-99: XML Parser Attack" name="Step2.1" time="0">
<skipped><![CDATA[Given prepare to............................................................undefined
When Try to.................................................................undefined
Then Assert the success of..................................................undefined
Then assert the consequences of the pattern.................................undefined
Then assert the consequences of the pattern audit interceptor...............skipped
Then assert the consequences of the pattern secure logger...................skipped
]]></skipped>
</testcase>
<testcase classname="CAPEC-9: Buffer Overflow in Local Command-Line Utilities" name="Step1.1" time="0">
<skipped><![CDATA[Given prepare to............................................................undefined
When Try to.................................................................undefined
Then Assert the success of..................................................undefined
Then assert the consequences of the pattern.................................undefined
Then assert the consequences of the pattern audit interceptor...............skipped
Then assert the consequences of the pattern secure logger...................skipped
]]></skipped>
</testcase>
<testcase classname="CAPEC-9: Buffer Overflow in Local Command-Line Utilities" name="Step2.1" time="0">
<skipped><![CDATA[Given prepare to............................................................undefined
When Try to.................................................................undefined
Then Assert the success of..................................................undefined
Then assert the consequences of the pattern.................................undefined
Then assert the consequences of the pattern audit interceptor...............skipped
Then assert the consequences of the pattern secure logger...................skipped
]]></skipped>
</testcase>
<testcase classname="CAPEC-9: Buffer Overflow in Local Command-Line Utilities" name="Step3.1" time="0">
<skipped><![CDATA[Given prepare to............................................................undefined
When Try to.................................................................undefined
Then Assert the success of..................................................undefined
Then assert the consequences of the pattern.................................undefined
Then assert the consequences of the pattern audit interceptor...............skipped
Then assert the consequences of the pattern secure logger...................skipped
]]></skipped>
</testcase>
</testsuite>
